<?xml version="1.0" encoding="UTF-8"?>
<coverage generated="1521155153353" clover="3.2.0">
  <project timestamp="1521155153354" name="All files">
    <metrics statements="252" coveredstatements="162" conditionals="117" coveredconditionals="62" methods="84" coveredmethods="50" elements="453" coveredelements="274" complexity="0" loc="252" ncloc="252" packages="11" files="60" classes="60">
      <package name="app">
        <metrics statements="23" coveredstatements="23" conditionals="14" coveredconditionals="14" methods="5" coveredmethods="5"/>
        <file name="configureStore.js" path="/Users/Jcompsta/temp/carousel-project/app/configureStore.js">
          <metrics statements="9" coveredstatements="9" conditionals="6" coveredconditionals="6" methods="1" coveredmethods="1"/>
          <line num="11" count="6" type="stmt"/>
          <line num="17" count="39" type="stmt"/>
          <line num="22" count="39" type="stmt"/>
          <line num="29" count="39" type="cond" truecount="5" falsecount="0"/>
          <line num="40" count="39" type="stmt"/>
          <line num="47" count="39" type="stmt"/>
          <line num="48" count="39" type="stmt"/>
          <line num="49" count="39" type="stmt"/>
          <line num="59" count="39" type="stmt"/>
        </file>
        <file name="i18n.js" path="/Users/Jcompsta/temp/carousel-project/app/i18n.js">
          <metrics statements="10" coveredstatements="10" conditionals="6" coveredconditionals="6" methods="2" coveredmethods="2"/>
          <line num="13" count="2" type="stmt"/>
          <line num="17" count="2" type="stmt"/>
          <line num="19" count="2" type="stmt"/>
          <line num="20" count="5" type="cond" truecount="2" falsecount="0"/>
          <line num="23" count="5" type="stmt"/>
          <line num="24" count="14" type="stmt"/>
          <line num="25" count="14" type="cond" truecount="4" falsecount="0"/>
          <line num="26" count="1" type="stmt"/>
          <line num="28" count="14" type="stmt"/>
          <line num="32" count="2" type="stmt"/>
        </file>
        <file name="reducers.js" path="/Users/Jcompsta/temp/carousel-project/app/reducers.js">
          <metrics statements="4" coveredstatements="4" conditionals="2" coveredconditionals="2" methods="2" coveredmethods="2"/>
          <line num="20" count="7" type="stmt"/>
          <line num="28" count="49" type="cond" truecount="1" falsecount="0"/>
          <line num="35" count="49" type="stmt"/>
          <line num="43" count="44" type="stmt"/>
        </file>
      </package>
      <package name="app.components.H1">
        <metrics statements="1" coveredstatements="1" conditionals="0" coveredconditionals="0" methods="0" coveredmethods="0"/>
        <file name="index.js" path="/Users/Jcompsta/temp/carousel-project/app/components/H1/index.js">
          <metrics statements="1" coveredstatements="1" conditionals="0" coveredconditionals="0" methods="0" coveredmethods="0"/>
          <line num="3" count="3" type="stmt"/>
        </file>
      </package>
      <package name="app.components.H2">
        <metrics statements="1" coveredstatements="1" conditionals="0" coveredconditionals="0" methods="0" coveredmethods="0"/>
        <file name="index.js" path="/Users/Jcompsta/temp/carousel-project/app/components/H2/index.js">
          <metrics statements="1" coveredstatements="1" conditionals="0" coveredconditionals="0" methods="0" coveredmethods="0"/>
          <line num="3" count="1" type="stmt"/>
        </file>
      </package>
      <package name="app.components.H3">
        <metrics statements="1" coveredstatements="1" conditionals="0" coveredconditionals="0" methods="0" coveredmethods="0"/>
        <file name="index.js" path="/Users/Jcompsta/temp/carousel-project/app/components/H3/index.js">
          <metrics statements="1" coveredstatements="1" conditionals="0" coveredconditionals="0" methods="0" coveredmethods="0"/>
          <line num="3" count="1" type="stmt"/>
        </file>
      </package>
      <package name="app.components.MaterialIcon">
        <metrics statements="5" coveredstatements="2" conditionals="4" coveredconditionals="0" methods="1" coveredmethods="0"/>
        <file name="index.js" path="/Users/Jcompsta/temp/carousel-project/app/components/MaterialIcon/index.js">
          <metrics statements="5" coveredstatements="2" conditionals="4" coveredconditionals="0" methods="1" coveredmethods="0"/>
          <line num="5" count="3" type="stmt"/>
          <line num="6" count="0" type="stmt"/>
          <line num="12" count="0" type="cond" truecount="0" falsecount="2"/>
          <line num="13" count="0" type="stmt"/>
          <line num="16" count="3" type="stmt"/>
        </file>
      </package>
      <package name="app.components.RixiCarousel">
        <metrics statements="51" coveredstatements="15" conditionals="32" coveredconditionals="0" methods="11" coveredmethods="0"/>
        <file name="CardBottom.js" path="/Users/Jcompsta/temp/carousel-project/app/components/RixiCarousel/CardBottom.js">
          <metrics statements="1" coveredstatements="1" conditionals="0" coveredconditionals="0" methods="0" coveredmethods="0"/>
          <line num="3" count="1" type="stmt"/>
        </file>
        <file name="CardImg.js" path="/Users/Jcompsta/temp/carousel-project/app/components/RixiCarousel/CardImg.js">
          <metrics statements="1" coveredstatements="1" conditionals="0" coveredconditionals="0" methods="0" coveredmethods="0"/>
          <line num="3" count="1" type="stmt"/>
        </file>
        <file name="CardImgShadow.js" path="/Users/Jcompsta/temp/carousel-project/app/components/RixiCarousel/CardImgShadow.js">
          <metrics statements="1" coveredstatements="1" conditionals="0" coveredconditionals="0" methods="0" coveredmethods="0"/>
          <line num="3" count="1" type="stmt"/>
        </file>
        <file name="CardTop.js" path="/Users/Jcompsta/temp/carousel-project/app/components/RixiCarousel/CardTop.js">
          <metrics statements="1" coveredstatements="1" conditionals="0" coveredconditionals="0" methods="0" coveredmethods="0"/>
          <line num="3" count="1" type="stmt"/>
        </file>
        <file name="CarouselBottom.js" path="/Users/Jcompsta/temp/carousel-project/app/components/RixiCarousel/CarouselBottom.js">
          <metrics statements="1" coveredstatements="1" conditionals="0" coveredconditionals="0" methods="0" coveredmethods="0"/>
          <line num="3" count="1" type="stmt"/>
        </file>
        <file name="CarouselCards.js" path="/Users/Jcompsta/temp/carousel-project/app/components/RixiCarousel/CarouselCards.js">
          <metrics statements="1" coveredstatements="1" conditionals="0" coveredconditionals="0" methods="0" coveredmethods="0"/>
          <line num="3" count="1" type="stmt"/>
        </file>
        <file name="CarouselCircles.js" path="/Users/Jcompsta/temp/carousel-project/app/components/RixiCarousel/CarouselCircles.js">
          <metrics statements="1" coveredstatements="1" conditionals="0" coveredconditionals="0" methods="0" coveredmethods="0"/>
          <line num="3" count="1" type="stmt"/>
        </file>
        <file name="CarouselTop.js" path="/Users/Jcompsta/temp/carousel-project/app/components/RixiCarousel/CarouselTop.js">
          <metrics statements="1" coveredstatements="1" conditionals="0" coveredconditionals="0" methods="0" coveredmethods="0"/>
          <line num="3" count="1" type="stmt"/>
        </file>
        <file name="CarouselUX.js" path="/Users/Jcompsta/temp/carousel-project/app/components/RixiCarousel/CarouselUX.js">
          <metrics statements="1" coveredstatements="1" conditionals="0" coveredconditionals="0" methods="0" coveredmethods="0"/>
          <line num="3" count="1" type="stmt"/>
        </file>
        <file name="CircleLink.js" path="/Users/Jcompsta/temp/carousel-project/app/components/RixiCarousel/CircleLink.js">
          <metrics statements="4" coveredstatements="2" conditionals="2" coveredconditionals="0" methods="1" coveredmethods="0"/>
          <line num="5" count="1" type="stmt"/>
          <line num="6" count="0" type="stmt"/>
          <line num="24" count="0" type="stmt"/>
          <line num="27" count="1" type="stmt"/>
        </file>
        <file name="H2.js" path="/Users/Jcompsta/temp/carousel-project/app/components/RixiCarousel/H2.js">
          <metrics statements="1" coveredstatements="1" conditionals="0" coveredconditionals="0" methods="0" coveredmethods="0"/>
          <line num="3" count="1" type="stmt"/>
        </file>
        <file name="H3.js" path="/Users/Jcompsta/temp/carousel-project/app/components/RixiCarousel/H3.js">
          <metrics statements="1" coveredstatements="1" conditionals="0" coveredconditionals="0" methods="0" coveredmethods="0"/>
          <line num="3" count="1" type="stmt"/>
        </file>
        <file name="Wrapper.js" path="/Users/Jcompsta/temp/carousel-project/app/components/RixiCarousel/Wrapper.js">
          <metrics statements="1" coveredstatements="1" conditionals="0" coveredconditionals="0" methods="0" coveredmethods="0"/>
          <line num="3" count="1" type="stmt"/>
        </file>
        <file name="index.js" path="/Users/Jcompsta/temp/carousel-project/app/components/RixiCarousel/index.js">
          <metrics statements="35" coveredstatements="1" conditionals="30" coveredconditionals="0" methods="10" coveredmethods="0"/>
          <line num="30" count="0" type="cond" truecount="0" falsecount="2"/>
          <line num="31" count="0" type="stmt"/>
          <line num="35" count="0" type="stmt"/>
          <line num="36" count="0" type="stmt"/>
          <line num="38" count="0" type="cond" truecount="0" falsecount="4"/>
          <line num="40" count="0" type="cond" truecount="0" falsecount="2"/>
          <line num="41" count="0" type="stmt"/>
          <line num="42" count="0" type="stmt"/>
          <line num="44" count="0" type="cond" truecount="0" falsecount="2"/>
          <line num="45" count="0" type="stmt"/>
          <line num="46" count="0" type="stmt"/>
          <line num="48" count="0" type="cond" truecount="0" falsecount="2"/>
          <line num="49" count="0" type="stmt"/>
          <line num="50" count="0" type="stmt"/>
          <line num="52" count="0" type="stmt"/>
          <line num="55" count="0" type="stmt"/>
          <line num="56" count="0" type="stmt"/>
          <line num="63" count="0" type="stmt"/>
          <line num="64" count="0" type="stmt"/>
          <line num="65" count="0" type="stmt"/>
          <line num="67" count="0" type="stmt"/>
          <line num="80" count="0" type="stmt"/>
          <line num="82" count="0" type="cond" truecount="0" falsecount="2"/>
          <line num="83" count="0" type="stmt"/>
          <line num="84" count="0" type="stmt"/>
          <line num="88" count="0" type="stmt"/>
          <line num="90" count="0" type="stmt"/>
          <line num="104" count="0" type="stmt"/>
          <line num="110" count="0" type="stmt"/>
          <line num="116" count="0" type="stmt"/>
          <line num="117" count="0" type="stmt"/>
          <line num="120" count="0" type="stmt"/>
          <line num="130" count="0" type="stmt"/>
          <line num="131" count="0" type="stmt"/>
          <line num="146" count="1" type="stmt"/>
        </file>
      </package>
      <package name="app.containers.App">
        <metrics statements="12" coveredstatements="12" conditionals="0" coveredconditionals="0" methods="4" coveredmethods="4"/>
        <file name="AppWrapper.js" path="/Users/Jcompsta/temp/carousel-project/app/containers/App/AppWrapper.js">
          <metrics statements="1" coveredstatements="1" conditionals="0" coveredconditionals="0" methods="0" coveredmethods="0"/>
          <line num="3" count="1" type="stmt"/>
        </file>
        <file name="Content.js" path="/Users/Jcompsta/temp/carousel-project/app/containers/App/Content.js">
          <metrics statements="1" coveredstatements="1" conditionals="0" coveredconditionals="0" methods="0" coveredmethods="0"/>
          <line num="3" count="1" type="stmt"/>
        </file>
        <file name="Footer.js" path="/Users/Jcompsta/temp/carousel-project/app/containers/App/Footer.js">
          <metrics statements="1" coveredstatements="1" conditionals="0" coveredconditionals="0" methods="0" coveredmethods="0"/>
          <line num="3" count="1" type="stmt"/>
        </file>
        <file name="H1.js" path="/Users/Jcompsta/temp/carousel-project/app/containers/App/H1.js">
          <metrics statements="1" coveredstatements="1" conditionals="0" coveredconditionals="0" methods="0" coveredmethods="0"/>
          <line num="3" count="1" type="stmt"/>
        </file>
        <file name="Header.js" path="/Users/Jcompsta/temp/carousel-project/app/containers/App/Header.js">
          <metrics statements="1" coveredstatements="1" conditionals="0" coveredconditionals="0" methods="0" coveredmethods="0"/>
          <line num="3" count="1" type="stmt"/>
        </file>
        <file name="HeaderBar.js" path="/Users/Jcompsta/temp/carousel-project/app/containers/App/HeaderBar.js">
          <metrics statements="1" coveredstatements="1" conditionals="0" coveredconditionals="0" methods="0" coveredmethods="0"/>
          <line num="3" count="1" type="stmt"/>
        </file>
        <file name="P.js" path="/Users/Jcompsta/temp/carousel-project/app/containers/App/P.js">
          <metrics statements="1" coveredstatements="1" conditionals="0" coveredconditionals="0" methods="0" coveredmethods="0"/>
          <line num="3" count="1" type="stmt"/>
        </file>
        <file name="constants.js" path="/Users/Jcompsta/temp/carousel-project/app/containers/App/constants.js">
          <metrics statements="1" coveredstatements="1" conditionals="0" coveredconditionals="0" methods="0" coveredmethods="0"/>
          <line num="12" count="9" type="stmt"/>
        </file>
        <file name="index.js" path="/Users/Jcompsta/temp/carousel-project/app/containers/App/index.js">
          <metrics statements="1" coveredstatements="1" conditionals="0" coveredconditionals="0" methods="1" coveredmethods="1"/>
          <line num="21" count="1" type="stmt"/>
        </file>
        <file name="messages.js" path="/Users/Jcompsta/temp/carousel-project/app/containers/App/messages.js">
          <metrics statements="0" coveredstatements="0" conditionals="0" coveredconditionals="0" methods="0" coveredmethods="0"/>
        </file>
        <file name="selectors.js" path="/Users/Jcompsta/temp/carousel-project/app/containers/App/selectors.js">
          <metrics statements="3" coveredstatements="3" conditionals="0" coveredconditionals="0" methods="3" coveredmethods="3"/>
          <line num="3" count="1" type="stmt"/>
          <line num="5" count="1" type="stmt"/>
          <line num="7" count="1" type="stmt"/>
        </file>
      </package>
      <package name="app.containers.HomePage">
        <metrics statements="74" coveredstatements="32" conditionals="12" coveredconditionals="1" methods="30" coveredmethods="11"/>
        <file name="Header.js" path="/Users/Jcompsta/temp/carousel-project/app/containers/HomePage/Header.js">
          <metrics statements="1" coveredstatements="1" conditionals="0" coveredconditionals="0" methods="0" coveredmethods="0"/>
          <line num="3" count="1" type="stmt"/>
        </file>
        <file name="HomeSection.js" path="/Users/Jcompsta/temp/carousel-project/app/containers/HomePage/HomeSection.js">
          <metrics statements="1" coveredstatements="1" conditionals="0" coveredconditionals="0" methods="0" coveredmethods="0"/>
          <line num="3" count="1" type="stmt"/>
        </file>
        <file name="SectionH1.js" path="/Users/Jcompsta/temp/carousel-project/app/containers/HomePage/SectionH1.js">
          <metrics statements="1" coveredstatements="1" conditionals="0" coveredconditionals="0" methods="0" coveredmethods="0"/>
          <line num="3" count="1" type="stmt"/>
        </file>
        <file name="Wrapper.js" path="/Users/Jcompsta/temp/carousel-project/app/containers/HomePage/Wrapper.js">
          <metrics statements="1" coveredstatements="1" conditionals="0" coveredconditionals="0" methods="0" coveredmethods="0"/>
          <line num="3" count="1" type="stmt"/>
        </file>
        <file name="actions.js" path="/Users/Jcompsta/temp/carousel-project/app/containers/HomePage/actions.js">
          <metrics statements="9" coveredstatements="0" conditionals="0" coveredconditionals="0" methods="9" coveredmethods="0"/>
          <line num="22" count="0" type="stmt"/>
          <line num="38" count="0" type="stmt"/>
          <line num="52" count="0" type="stmt"/>
          <line num="67" count="0" type="stmt"/>
          <line num="82" count="0" type="stmt"/>
          <line num="96" count="0" type="stmt"/>
          <line num="111" count="0" type="stmt"/>
          <line num="126" count="0" type="stmt"/>
          <line num="140" count="0" type="stmt"/>
        </file>
        <file name="constants.js" path="/Users/Jcompsta/temp/carousel-project/app/containers/HomePage/constants.js">
          <metrics statements="9" coveredstatements="9" conditionals="0" coveredconditionals="0" methods="0" coveredmethods="0"/>
          <line num="1" count="1" type="stmt"/>
          <line num="2" count="1" type="stmt"/>
          <line num="3" count="1" type="stmt"/>
          <line num="4" count="1" type="stmt"/>
          <line num="5" count="1" type="stmt"/>
          <line num="6" count="1" type="stmt"/>
          <line num="7" count="1" type="stmt"/>
          <line num="8" count="1" type="stmt"/>
          <line num="9" count="1" type="stmt"/>
        </file>
        <file name="index.js" path="/Users/Jcompsta/temp/carousel-project/app/containers/HomePage/index.js">
          <metrics statements="10" coveredstatements="6" conditionals="0" coveredconditionals="0" methods="5" coveredmethods="1"/>
          <line num="28" count="1" type="stmt"/>
          <line num="64" count="1" type="stmt"/>
          <line num="79" count="0" type="stmt"/>
          <line num="80" count="0" type="stmt"/>
          <line num="81" count="0" type="stmt"/>
          <line num="82" count="0" type="stmt"/>
          <line num="86" count="1" type="stmt"/>
          <line num="93" count="1" type="stmt"/>
          <line num="94" count="1" type="stmt"/>
          <line num="95" count="1" type="stmt"/>
        </file>
        <file name="messages.js" path="/Users/Jcompsta/temp/carousel-project/app/containers/HomePage/messages.js">
          <metrics statements="0" coveredstatements="0" conditionals="0" coveredconditionals="0" methods="0" coveredmethods="0"/>
        </file>
        <file name="reducer.js" path="/Users/Jcompsta/temp/carousel-project/app/containers/HomePage/reducer.js">
          <metrics statements="9" coveredstatements="1" conditionals="8" coveredconditionals="0" methods="1" coveredmethods="0"/>
          <line num="12" count="1" type="stmt"/>
          <line num="21" count="0" type="cond" truecount="0" falsecount="7"/>
          <line num="23" count="0" type="stmt"/>
          <line num="28" count="0" type="stmt"/>
          <line num="34" count="0" type="stmt"/>
          <line num="40" count="0" type="stmt"/>
          <line num="45" count="0" type="stmt"/>
          <line num="51" count="0" type="stmt"/>
          <line num="57" count="0" type="stmt"/>
        </file>
        <file name="saga.js" path="/Users/Jcompsta/temp/carousel-project/app/containers/HomePage/saga.js">
          <metrics statements="18" coveredstatements="0" conditionals="0" coveredconditionals="0" methods="4" coveredmethods="0"/>
          <line num="27" count="0" type="stmt"/>
          <line num="29" count="0" type="stmt"/>
          <line num="30" count="0" type="stmt"/>
          <line num="40" count="0" type="stmt"/>
          <line num="44" count="0" type="stmt"/>
          <line num="52" count="0" type="stmt"/>
          <line num="53" count="0" type="stmt"/>
          <line num="54" count="0" type="stmt"/>
          <line num="58" count="0" type="stmt"/>
          <line num="61" count="0" type="stmt"/>
          <line num="69" count="0" type="stmt"/>
          <line num="70" count="0" type="stmt"/>
          <line num="71" count="0" type="stmt"/>
          <line num="75" count="0" type="stmt"/>
          <line num="78" count="0" type="stmt"/>
          <line num="91" count="0" type="stmt"/>
          <line num="92" count="0" type="stmt"/>
          <line num="93" count="0" type="stmt"/>
        </file>
        <file name="selectors.js" path="/Users/Jcompsta/temp/carousel-project/app/containers/HomePage/selectors.js">
          <metrics statements="15" coveredstatements="12" conditionals="4" coveredconditionals="1" methods="11" coveredmethods="10"/>
          <line num="7" count="4" type="stmt"/>
          <line num="9" count="2" type="stmt"/>
          <line num="12" count="1" type="stmt"/>
          <line num="13" count="1" type="cond" truecount="1" falsecount="1"/>
          <line num="14" count="1" type="stmt"/>
          <line num="18" count="2" type="stmt"/>
          <line num="21" count="0" type="stmt"/>
          <line num="22" count="0" type="cond" truecount="0" falsecount="2"/>
          <line num="23" count="0" type="stmt"/>
          <line num="27" count="2" type="stmt"/>
          <line num="29" count="1" type="stmt"/>
          <line num="32" count="2" type="stmt"/>
          <line num="34" count="1" type="stmt"/>
          <line num="37" count="2" type="stmt"/>
          <line num="39" count="1" type="stmt"/>
        </file>
      </package>
      <package name="app.containers.LanguageProvider">
        <metrics statements="15" coveredstatements="15" conditionals="3" coveredconditionals="3" methods="8" coveredmethods="8"/>
        <file name="actions.js" path="/Users/Jcompsta/temp/carousel-project/app/containers/LanguageProvider/actions.js">
          <metrics statements="1" coveredstatements="1" conditionals="0" coveredconditionals="0" methods="1" coveredmethods="1"/>
          <line num="12" count="1" type="stmt"/>
        </file>
        <file name="constants.js" path="/Users/Jcompsta/temp/carousel-project/app/containers/LanguageProvider/constants.js">
          <metrics statements="2" coveredstatements="2" conditionals="0" coveredconditionals="0" methods="0" coveredmethods="0"/>
          <line num="7" count="9" type="stmt"/>
          <line num="8" count="9" type="stmt"/>
        </file>
        <file name="index.js" path="/Users/Jcompsta/temp/carousel-project/app/containers/LanguageProvider/index.js">
          <metrics statements="5" coveredstatements="5" conditionals="0" coveredconditionals="0" methods="3" coveredmethods="3"/>
          <line num="19" count="2" type="stmt"/>
          <line num="27" count="1" type="stmt"/>
          <line num="34" count="1" type="stmt"/>
          <line num="36" count="1" type="stmt"/>
          <line num="40" count="1" type="stmt"/>
        </file>
        <file name="reducer.js" path="/Users/Jcompsta/temp/carousel-project/app/containers/LanguageProvider/reducer.js">
          <metrics statements="4" coveredstatements="4" conditionals="3" coveredconditionals="3" methods="1" coveredmethods="1"/>
          <line num="16" count="8" type="stmt"/>
          <line num="21" count="51" type="cond" truecount="2" falsecount="0"/>
          <line num="23" count="1" type="stmt"/>
          <line num="26" count="50" type="stmt"/>
        </file>
        <file name="selectors.js" path="/Users/Jcompsta/temp/carousel-project/app/containers/LanguageProvider/selectors.js">
          <metrics statements="3" coveredstatements="3" conditionals="0" coveredconditionals="0" methods="3" coveredmethods="3"/>
          <line num="6" count="2" type="stmt"/>
          <line num="12" count="2" type="stmt"/>
          <line num="14" count="1" type="stmt"/>
        </file>
      </package>
      <package name="app.containers.NotFoundPage">
        <metrics statements="4" coveredstatements="4" conditionals="0" coveredconditionals="0" methods="1" coveredmethods="1"/>
        <file name="H1.js" path="/Users/Jcompsta/temp/carousel-project/app/containers/NotFoundPage/H1.js">
          <metrics statements="1" coveredstatements="1" conditionals="0" coveredconditionals="0" methods="0" coveredmethods="0"/>
          <line num="3" count="1" type="stmt"/>
        </file>
        <file name="Header.js" path="/Users/Jcompsta/temp/carousel-project/app/containers/NotFoundPage/Header.js">
          <metrics statements="1" coveredstatements="1" conditionals="0" coveredconditionals="0" methods="0" coveredmethods="0"/>
          <line num="3" count="1" type="stmt"/>
        </file>
        <file name="Wrapper.js" path="/Users/Jcompsta/temp/carousel-project/app/containers/NotFoundPage/Wrapper.js">
          <metrics statements="1" coveredstatements="1" conditionals="0" coveredconditionals="0" methods="0" coveredmethods="0"/>
          <line num="3" count="1" type="stmt"/>
        </file>
        <file name="index.js" path="/Users/Jcompsta/temp/carousel-project/app/containers/NotFoundPage/index.js">
          <metrics statements="1" coveredstatements="1" conditionals="0" coveredconditionals="0" methods="1" coveredmethods="1"/>
          <line num="24" count="1" type="stmt"/>
        </file>
        <file name="messages.js" path="/Users/Jcompsta/temp/carousel-project/app/containers/NotFoundPage/messages.js">
          <metrics statements="0" coveredstatements="0" conditionals="0" coveredconditionals="0" methods="0" coveredmethods="0"/>
        </file>
      </package>
      <package name="app.utils">
        <metrics statements="65" coveredstatements="56" conditionals="52" coveredconditionals="44" methods="24" coveredmethods="21"/>
        <file name="checkStore.js" path="/Users/Jcompsta/temp/carousel-project/app/utils/checkStore.js">
          <metrics statements="2" coveredstatements="2" conditionals="0" coveredconditionals="0" methods="1" coveredmethods="1"/>
          <line num="10" count="13" type="stmt"/>
          <line num="19" count="13" type="stmt"/>
        </file>
        <file name="constants.js" path="/Users/Jcompsta/temp/carousel-project/app/utils/constants.js">
          <metrics statements="3" coveredstatements="3" conditionals="0" coveredconditionals="0" methods="0" coveredmethods="0"/>
          <line num="1" count="3" type="stmt"/>
          <line num="2" count="3" type="stmt"/>
          <line num="3" count="3" type="stmt"/>
        </file>
        <file name="injectReducer.js" path="/Users/Jcompsta/temp/carousel-project/app/utils/injectReducer.js">
          <metrics statements="5" coveredstatements="5" conditionals="3" coveredconditionals="3" methods="4" coveredmethods="4"/>
          <line num="14" count="5" type="stmt"/>
          <line num="23" count="2" type="stmt"/>
          <line num="25" count="2" type="stmt"/>
          <line num="31" count="2" type="stmt"/>
          <line num="35" count="5" type="stmt"/>
        </file>
        <file name="injectSaga.js" path="/Users/Jcompsta/temp/carousel-project/app/utils/injectSaga.js">
          <metrics statements="7" coveredstatements="7" conditionals="3" coveredconditionals="3" methods="5" coveredmethods="5"/>
          <line num="18" count="6" type="stmt"/>
          <line num="27" count="3" type="stmt"/>
          <line num="29" count="3" type="stmt"/>
          <line num="33" count="1" type="stmt"/>
          <line num="35" count="1" type="stmt"/>
          <line num="41" count="3" type="stmt"/>
          <line num="45" count="6" type="stmt"/>
        </file>
        <file name="reducerInjectors.js" path="/Users/Jcompsta/temp/carousel-project/app/utils/reducerInjectors.js">
          <metrics statements="8" coveredstatements="8" conditionals="9" coveredconditionals="9" methods="3" coveredmethods="3"/>
          <line num="10" count="8" type="stmt"/>
          <line num="11" count="10" type="cond" truecount="2" falsecount="0"/>
          <line num="13" count="9" type="stmt"/>
          <line num="19" count="6" type="cond" truecount="4" falsecount="0"/>
          <line num="21" count="5" type="stmt"/>
          <line num="22" count="5" type="stmt"/>
          <line num="27" count="2" type="stmt"/>
          <line num="29" count="1" type="stmt"/>
        </file>
        <file name="request.js" path="/Users/Jcompsta/temp/carousel-project/app/utils/request.js">
          <metrics statements="9" coveredstatements="0" conditionals="8" coveredconditionals="0" methods="3" coveredmethods="0"/>
          <line num="11" count="0" type="cond" truecount="0" falsecount="4"/>
          <line num="12" count="0" type="stmt"/>
          <line num="14" count="0" type="stmt"/>
          <line num="25" count="0" type="cond" truecount="0" falsecount="4"/>
          <line num="26" count="0" type="stmt"/>
          <line num="29" count="0" type="stmt"/>
          <line num="30" count="0" type="stmt"/>
          <line num="31" count="0" type="stmt"/>
          <line num="43" count="0" type="stmt"/>
        </file>
        <file name="sagaInjectors.js" path="/Users/Jcompsta/temp/carousel-project/app/utils/sagaInjectors.js">
          <metrics statements="31" coveredstatements="31" conditionals="29" coveredconditionals="29" methods="8" coveredmethods="8"/>
          <line num="14" count="3" type="stmt"/>
          <line num="16" count="36" type="stmt"/>
          <line num="21" count="3" type="stmt"/>
          <line num="22" count="24" type="stmt"/>
          <line num="24" count="24" type="cond" truecount="2" falsecount="0"/>
          <line num="26" count="24" type="stmt"/>
          <line num="33" count="21" type="cond" truecount="1" falsecount="0"/>
          <line num="34" count="27" type="cond" truecount="2" falsecount="0"/>
          <line num="36" count="26" type="cond" truecount="2" falsecount="0"/>
          <line num="37" count="26" type="stmt"/>
          <line num="39" count="26" type="stmt"/>
          <line num="40" count="24" type="stmt"/>
          <line num="42" count="20" type="stmt"/>
          <line num="44" count="20" type="cond" truecount="2" falsecount="0"/>
          <line num="45" count="16" type="stmt"/>
          <line num="47" count="16" type="cond" truecount="4" falsecount="0"/>
          <line num="48" count="1" type="stmt"/>
          <line num="49" count="1" type="stmt"/>
          <line num="53" count="20" type="cond" truecount="6" falsecount="0"/>
          <line num="54" count="15" type="stmt"/>
          <line num="60" count="21" type="stmt"/>
          <line num="61" count="11" type="cond" truecount="2" falsecount="0"/>
          <line num="63" count="10" type="stmt"/>
          <line num="65" count="8" type="cond" truecount="2" falsecount="0"/>
          <line num="66" count="7" type="stmt"/>
          <line num="67" count="7" type="cond" truecount="2" falsecount="0"/>
          <line num="68" count="4" type="stmt"/>
          <line num="70" count="4" type="cond" truecount="2" falsecount="0"/>
          <line num="72" count="2" type="stmt"/>
          <line num="80" count="2" type="stmt"/>
          <line num="82" count="1" type="stmt"/>
        </file>
      </package>
    </metrics>
  </project>
</coverage>
