{"/Users/Jcompsta/temp/carousel-project/app/configureStore.js": {"path":"/Users/Jcompsta/temp/carousel-project/app/configureStore.js","statementMap":{"0":{"start":{"line":11,"column":23},"end":{"line":11,"column":45}},"1":{"start":{"line":17,"column":22},"end":{"line":20,"column":3}},"2":{"start":{"line":22,"column":20},"end":{"line":24,"column":3}},"3":{"start":{"line":29,"column":4},"end":{"line":37,"column":15}},"4":{"start":{"line":40,"column":16},"end":{"line":44,"column":3}},"5":{"start":{"line":47,"column":2},"end":{"line":47,"column":37}},"6":{"start":{"line":48,"column":2},"end":{"line":48,"column":30}},"7":{"start":{"line":49,"column":2},"end":{"line":49,"column":27}},"8":{"start":{"line":59,"column":2},"end":{"line":59,"column":15}}},"fnMap":{"0":{"name":"configureStore","decl":{"start":{"line":13,"column":24},"end":{"line":13,"column":38}},"loc":{"start":{"line":13,"column":67},"end":{"line":60,"column":1}},"line":13}},"branchMap":{"0":{"loc":{"start":{"line":13,"column":39},"end":{"line":13,"column":56}},"type":"default-arg","locations":[{"start":{"line":13,"column":54},"end":{"line":13,"column":56}}],"line":13},"1":{"loc":{"start":{"line":29,"column":4},"end":{"line":37,"column":15}},"type":"cond-expr","locations":[{"start":{"line":32,"column":8},"end":{"line":36,"column":8}},{"start":{"line":37,"column":8},"end":{"line":37,"column":15}}],"line":29},"2":{"loc":{"start":{"line":29,"column":4},"end":{"line":31,"column":47}},"type":"binary-expr","locations":[{"start":{"line":29,"column":4},"end":{"line":29,"column":41}},{"start":{"line":30,"column":4},"end":{"line":30,"column":30}},{"start":{"line":31,"column":4},"end":{"line":31,"column":47}}],"line":29}},"s":{"0":6,"1":39,"2":39,"3":39,"4":39,"5":39,"6":39,"7":39,"8":39},"f":{"0":39},"b":{"0":[1],"1":[1,38],"2":[39,39,39]},"_coverageSchema":"332fd63041d2c1bcb487cc26dd0d5f7d97098a6c","hash":"ff3f26b9c9d0271efddb28e9bdaef0c777727a3b"}
,"/Users/Jcompsta/temp/carousel-project/app/i18n.js": {"path":"/Users/Jcompsta/temp/carousel-project/app/i18n.js","statementMap":{"0":{"start":{"line":13,"column":26},"end":{"line":15,"column":1}},"1":{"start":{"line":17,"column":0},"end":{"line":17,"column":28}},"2":{"start":{"line":19,"column":41},"end":{"line":30,"column":1}},"3":{"start":{"line":20,"column":35},"end":{"line":22,"column":8}},"4":{"start":{"line":23,"column":2},"end":{"line":29,"column":9}},"5":{"start":{"line":24,"column":18},"end":{"line":24,"column":31}},"6":{"start":{"line":25,"column":4},"end":{"line":27,"column":5}},"7":{"start":{"line":26,"column":6},"end":{"line":26,"column":46}},"8":{"start":{"line":28,"column":4},"end":{"line":28,"column":64}},"9":{"start":{"line":32,"column":35},"end":{"line":34,"column":1}}},"fnMap":{"0":{"name":"(anonymous_0)","decl":{"start":{"line":19,"column":41},"end":{"line":19,"column":42}},"loc":{"start":{"line":19,"column":63},"end":{"line":30,"column":1}},"line":19},"1":{"name":"(anonymous_1)","decl":{"start":{"line":23,"column":38},"end":{"line":23,"column":39}},"loc":{"start":{"line":23,"column":66},"end":{"line":29,"column":3}},"line":23}},"branchMap":{"0":{"loc":{"start":{"line":20,"column":35},"end":{"line":22,"column":8}},"type":"cond-expr","locations":[{"start":{"line":21,"column":6},"end":{"line":21,"column":70}},{"start":{"line":22,"column":6},"end":{"line":22,"column":8}}],"line":20},"1":{"loc":{"start":{"line":25,"column":4},"end":{"line":27,"column":5}},"type":"if","locations":[{"start":{"line":25,"column":4},"end":{"line":27,"column":5}},{"start":{"line":25,"column":4},"end":{"line":27,"column":5}}],"line":25},"2":{"loc":{"start":{"line":25,"column":8},"end":{"line":25,"column":45}},"type":"binary-expr","locations":[{"start":{"line":25,"column":8},"end":{"line":25,"column":16}},{"start":{"line":25,"column":20},"end":{"line":25,"column":45}}],"line":25}},"s":{"0":2,"1":2,"2":2,"3":5,"4":5,"5":14,"6":14,"7":1,"8":14,"9":2},"f":{"0":5,"1":14},"b":{"0":[1,4],"1":[1,13],"2":[14,1]},"_coverageSchema":"332fd63041d2c1bcb487cc26dd0d5f7d97098a6c","hash":"cd95b1e1ecc3a535154833c46fa090042f561964"}
,"/Users/Jcompsta/temp/carousel-project/app/reducers.js": {"path":"/Users/Jcompsta/temp/carousel-project/app/reducers.js","statementMap":{"0":{"start":{"line":20,"column":26},"end":{"line":22,"column":2}},"1":{"start":{"line":28,"column":2},"end":{"line":36,"column":3}},"2":{"start":{"line":35,"column":6},"end":{"line":35,"column":19}},"3":{"start":{"line":43,"column":2},"end":{"line":47,"column":5}}},"fnMap":{"0":{"name":"routeReducer","decl":{"start":{"line":27,"column":9},"end":{"line":27,"column":21}},"loc":{"start":{"line":27,"column":57},"end":{"line":37,"column":1}},"line":27},"1":{"name":"createReducer","decl":{"start":{"line":42,"column":24},"end":{"line":42,"column":37}},"loc":{"start":{"line":42,"column":56},"end":{"line":48,"column":1}},"line":42}},"branchMap":{"0":{"loc":{"start":{"line":27,"column":22},"end":{"line":27,"column":47}},"type":"default-arg","locations":[{"start":{"line":27,"column":30},"end":{"line":27,"column":47}}],"line":27},"1":{"loc":{"start":{"line":28,"column":2},"end":{"line":36,"column":3}},"type":"switch","locations":[{"start":{"line":34,"column":4},"end":{"line":35,"column":19}}],"line":28}},"s":{"0":7,"1":49,"2":49,"3":44},"f":{"0":49,"1":44},"b":{"0":[39],"1":[49]},"_coverageSchema":"332fd63041d2c1bcb487cc26dd0d5f7d97098a6c","hash":"827e4ea712862527df21fb03e7ff4844b6c4b2c2"}
,"/Users/Jcompsta/temp/carousel-project/app/components/H1/index.js": {"path":"/Users/Jcompsta/temp/carousel-project/app/components/H1/index.js","statementMap":{"0":{"start":{"line":3,"column":11},"end":{"line":7,"column":1}}},"fnMap":{},"branchMap":{},"s":{"0":3},"f":{},"b":{},"_coverageSchema":"332fd63041d2c1bcb487cc26dd0d5f7d97098a6c","hash":"6f015e0640ae3ea8fd402054267e1aaa15e1b0de"}
,"/Users/Jcompsta/temp/carousel-project/app/components/H2/index.js": {"path":"/Users/Jcompsta/temp/carousel-project/app/components/H2/index.js","statementMap":{"0":{"start":{"line":3,"column":11},"end":{"line":6,"column":1}}},"fnMap":{},"branchMap":{},"s":{"0":1},"f":{},"b":{},"_coverageSchema":"332fd63041d2c1bcb487cc26dd0d5f7d97098a6c","hash":"2c50018a4987c40b9b8fa58d1ede65edf24746e4"}
,"/Users/Jcompsta/temp/carousel-project/app/components/H3/index.js": {"path":"/Users/Jcompsta/temp/carousel-project/app/components/H3/index.js","statementMap":{"0":{"start":{"line":3,"column":11},"end":{"line":6,"column":1}}},"fnMap":{},"branchMap":{},"s":{"0":1},"f":{},"b":{},"_coverageSchema":"332fd63041d2c1bcb487cc26dd0d5f7d97098a6c","hash":"2480fdb27e0c4da4976159ad212fd4a79cbfc7fb"}
,"/Users/Jcompsta/temp/carousel-project/app/components/MaterialIcon/index.js": {"path":"/Users/Jcompsta/temp/carousel-project/app/components/MaterialIcon/index.js","statementMap":{"0":{"start":{"line":5,"column":21},"end":{"line":14,"column":1}},"1":{"start":{"line":6,"column":32},"end":{"line":10,"column":3}},"2":{"start":{"line":12,"column":2},"end":{"line":12,"column":114}},"3":{"start":{"line":12,"column":21},"end":{"line":12,"column":114}},"4":{"start":{"line":13,"column":2},"end":{"line":13,"column":71}},"5":{"start":{"line":16,"column":0},"end":{"line":21,"column":2}}},"fnMap":{"0":{"name":"(anonymous_0)","decl":{"start":{"line":5,"column":21},"end":{"line":5,"column":22}},"loc":{"start":{"line":5,"column":32},"end":{"line":14,"column":1}},"line":5}},"branchMap":{"0":{"loc":{"start":{"line":7,"column":6},"end":{"line":9,"column":5}},"type":"binary-expr","locations":[{"start":{"line":7,"column":6},"end":{"line":7,"column":17}},{"start":{"line":7,"column":21},"end":{"line":9,"column":5}}],"line":7},"1":{"loc":{"start":{"line":12,"column":2},"end":{"line":12,"column":114}},"type":"if","locations":[{"start":{"line":12,"column":2},"end":{"line":12,"column":114}},{"start":{"line":12,"column":2},"end":{"line":12,"column":114}}],"line":12}},"s":{"0":3,"1":0,"2":0,"3":0,"4":0,"5":3},"f":{"0":0},"b":{"0":[0,0],"1":[0,0]},"_coverageSchema":"332fd63041d2c1bcb487cc26dd0d5f7d97098a6c","hash":"345e9626cb9b1f5d6f50b1f291699107f4d2092d"}
,"/Users/Jcompsta/temp/carousel-project/app/components/RixiCarousel/CardBottom.js": {"path":"/Users/Jcompsta/temp/carousel-project/app/components/RixiCarousel/CardBottom.js","statementMap":{"0":{"start":{"line":3,"column":19},"end":{"line":5,"column":1}}},"fnMap":{},"branchMap":{},"s":{"0":1},"f":{},"b":{},"_coverageSchema":"332fd63041d2c1bcb487cc26dd0d5f7d97098a6c","hash":"e27f2d182069f61863b7604254e1863a6d310690"}
,"/Users/Jcompsta/temp/carousel-project/app/components/RixiCarousel/CardImg.js": {"path":"/Users/Jcompsta/temp/carousel-project/app/components/RixiCarousel/CardImg.js","statementMap":{"0":{"start":{"line":3,"column":16},"end":{"line":8,"column":1}}},"fnMap":{},"branchMap":{},"s":{"0":1},"f":{},"b":{},"_coverageSchema":"332fd63041d2c1bcb487cc26dd0d5f7d97098a6c","hash":"ca291294b63e6976d5015f9848a714f7f53522d9"}
,"/Users/Jcompsta/temp/carousel-project/app/components/RixiCarousel/CardImgShadow.js": {"path":"/Users/Jcompsta/temp/carousel-project/app/components/RixiCarousel/CardImgShadow.js","statementMap":{"0":{"start":{"line":3,"column":22},"end":{"line":16,"column":1}}},"fnMap":{},"branchMap":{},"s":{"0":1},"f":{},"b":{},"_coverageSchema":"332fd63041d2c1bcb487cc26dd0d5f7d97098a6c","hash":"514f03c351b7595c8e971c68cdcfcab1c019b75e"}
,"/Users/Jcompsta/temp/carousel-project/app/components/RixiCarousel/CardTop.js": {"path":"/Users/Jcompsta/temp/carousel-project/app/components/RixiCarousel/CardTop.js","statementMap":{"0":{"start":{"line":3,"column":16},"end":{"line":54,"column":1}}},"fnMap":{},"branchMap":{},"s":{"0":1},"f":{},"b":{},"_coverageSchema":"332fd63041d2c1bcb487cc26dd0d5f7d97098a6c","hash":"2ebada4df7b2f1fd5ed1bd1e312fbc9a96309997"}
,"/Users/Jcompsta/temp/carousel-project/app/components/RixiCarousel/CarouselBottom.js": {"path":"/Users/Jcompsta/temp/carousel-project/app/components/RixiCarousel/CarouselBottom.js","statementMap":{"0":{"start":{"line":3,"column":23},"end":{"line":6,"column":1}}},"fnMap":{},"branchMap":{},"s":{"0":1},"f":{},"b":{},"_coverageSchema":"332fd63041d2c1bcb487cc26dd0d5f7d97098a6c","hash":"3132e9e7fb501c0669f3f77c426f3e1a9fce6cd1"}
,"/Users/Jcompsta/temp/carousel-project/app/components/RixiCarousel/CarouselCards.js": {"path":"/Users/Jcompsta/temp/carousel-project/app/components/RixiCarousel/CarouselCards.js","statementMap":{"0":{"start":{"line":3,"column":22},"end":{"line":14,"column":1}}},"fnMap":{},"branchMap":{},"s":{"0":1},"f":{},"b":{},"_coverageSchema":"332fd63041d2c1bcb487cc26dd0d5f7d97098a6c","hash":"e69a3160447b1d0a36ddf60e504fbf496b1ac0d1"}
,"/Users/Jcompsta/temp/carousel-project/app/components/RixiCarousel/CarouselCircles.js": {"path":"/Users/Jcompsta/temp/carousel-project/app/components/RixiCarousel/CarouselCircles.js","statementMap":{"0":{"start":{"line":3,"column":24},"end":{"line":12,"column":1}}},"fnMap":{},"branchMap":{},"s":{"0":1},"f":{},"b":{},"_coverageSchema":"332fd63041d2c1bcb487cc26dd0d5f7d97098a6c","hash":"5b7023de17133eaea5ca794ab95e71b64f650c79"}
,"/Users/Jcompsta/temp/carousel-project/app/components/RixiCarousel/CarouselTop.js": {"path":"/Users/Jcompsta/temp/carousel-project/app/components/RixiCarousel/CarouselTop.js","statementMap":{"0":{"start":{"line":3,"column":20},"end":{"line":14,"column":1}}},"fnMap":{},"branchMap":{},"s":{"0":1},"f":{},"b":{},"_coverageSchema":"332fd63041d2c1bcb487cc26dd0d5f7d97098a6c","hash":"0e89b1d6c12a118baa89c7355cc02726583f960e"}
,"/Users/Jcompsta/temp/carousel-project/app/components/RixiCarousel/CarouselUX.js": {"path":"/Users/Jcompsta/temp/carousel-project/app/components/RixiCarousel/CarouselUX.js","statementMap":{"0":{"start":{"line":3,"column":19},"end":{"line":29,"column":1}}},"fnMap":{},"branchMap":{},"s":{"0":1},"f":{},"b":{},"_coverageSchema":"332fd63041d2c1bcb487cc26dd0d5f7d97098a6c","hash":"654cdf5cf282fa260a53b2abc61af0b689c58f70"}
,"/Users/Jcompsta/temp/carousel-project/app/components/RixiCarousel/CircleLink.js": {"path":"/Users/Jcompsta/temp/carousel-project/app/components/RixiCarousel/CircleLink.js","statementMap":{"0":{"start":{"line":5,"column":19},"end":{"line":25,"column":1}},"1":{"start":{"line":6,"column":30},"end":{"line":22,"column":3}},"2":{"start":{"line":24,"column":2},"end":{"line":24,"column":57}},"3":{"start":{"line":27,"column":0},"end":{"line":30,"column":2}}},"fnMap":{"0":{"name":"(anonymous_0)","decl":{"start":{"line":5,"column":19},"end":{"line":5,"column":20}},"loc":{"start":{"line":5,"column":30},"end":{"line":25,"column":1}},"line":5}},"branchMap":{"0":{"loc":{"start":{"line":19,"column":6},"end":{"line":21,"column":5}},"type":"binary-expr","locations":[{"start":{"line":19,"column":6},"end":{"line":19,"column":18}},{"start":{"line":19,"column":22},"end":{"line":21,"column":5}}],"line":19}},"s":{"0":1,"1":0,"2":0,"3":1},"f":{"0":0},"b":{"0":[0,0]},"_coverageSchema":"332fd63041d2c1bcb487cc26dd0d5f7d97098a6c","hash":"c864564147d6d233b8358645e103126790be5faa"}
,"/Users/Jcompsta/temp/carousel-project/app/components/RixiCarousel/H2.js": {"path":"/Users/Jcompsta/temp/carousel-project/app/components/RixiCarousel/H2.js","statementMap":{"0":{"start":{"line":3,"column":11},"end":{"line":9,"column":1}}},"fnMap":{},"branchMap":{},"s":{"0":1},"f":{},"b":{},"_coverageSchema":"332fd63041d2c1bcb487cc26dd0d5f7d97098a6c","hash":"ffd26af42aaf99fdee9aa7c3ec15674a7e274623"}
,"/Users/Jcompsta/temp/carousel-project/app/components/RixiCarousel/H3.js": {"path":"/Users/Jcompsta/temp/carousel-project/app/components/RixiCarousel/H3.js","statementMap":{"0":{"start":{"line":3,"column":11},"end":{"line":9,"column":1}}},"fnMap":{},"branchMap":{},"s":{"0":1},"f":{},"b":{},"_coverageSchema":"332fd63041d2c1bcb487cc26dd0d5f7d97098a6c","hash":"f5d5bc733bb6b5745439f53058aed6b5025cc435"}
,"/Users/Jcompsta/temp/carousel-project/app/components/RixiCarousel/Wrapper.js": {"path":"/Users/Jcompsta/temp/carousel-project/app/components/RixiCarousel/Wrapper.js","statementMap":{"0":{"start":{"line":3,"column":16},"end":{"line":6,"column":1}}},"fnMap":{},"branchMap":{},"s":{"0":1},"f":{},"b":{},"_coverageSchema":"332fd63041d2c1bcb487cc26dd0d5f7d97098a6c","hash":"d01b9f7c64049cff79d43f8071f820a208c56a3e"}
,"/Users/Jcompsta/temp/carousel-project/app/components/RixiCarousel/index.js": {"path":"/Users/Jcompsta/temp/carousel-project/app/components/RixiCarousel/index.js","statementMap":{"0":{"start":{"line":30,"column":4},"end":{"line":30,"column":41}},"1":{"start":{"line":30,"column":34},"end":{"line":30,"column":41}},"2":{"start":{"line":31,"column":4},"end":{"line":31,"column":53}},"3":{"start":{"line":35,"column":21},"end":{"line":35,"column":31}},"4":{"start":{"line":36,"column":18},"end":{"line":36,"column":22}},"5":{"start":{"line":38,"column":4},"end":{"line":53,"column":5}},"6":{"start":{"line":40,"column":8},"end":{"line":40,"column":48}},"7":{"start":{"line":40,"column":41},"end":{"line":40,"column":48}},"8":{"start":{"line":41,"column":8},"end":{"line":41,"column":27}},"9":{"start":{"line":42,"column":8},"end":{"line":42,"column":14}},"10":{"start":{"line":44,"column":8},"end":{"line":44,"column":31}},"11":{"start":{"line":44,"column":24},"end":{"line":44,"column":31}},"12":{"start":{"line":45,"column":8},"end":{"line":45,"column":27}},"13":{"start":{"line":46,"column":8},"end":{"line":46,"column":14}},"14":{"start":{"line":48,"column":8},"end":{"line":48,"column":41}},"15":{"start":{"line":48,"column":34},"end":{"line":48,"column":41}},"16":{"start":{"line":49,"column":8},"end":{"line":49,"column":30}},"17":{"start":{"line":50,"column":8},"end":{"line":50,"column":14}},"18":{"start":{"line":52,"column":8},"end":{"line":52,"column":23}},"19":{"start":{"line":55,"column":4},"end":{"line":55,"column":53}},"20":{"start":{"line":56,"column":4},"end":{"line":59,"column":8}},"21":{"start":{"line":56,"column":34},"end":{"line":59,"column":5}},"22":{"start":{"line":63,"column":22},"end":{"line":63,"column":24}},"23":{"start":{"line":64,"column":4},"end":{"line":66,"column":5}},"24":{"start":{"line":65,"column":6},"end":{"line":65,"column":145}},"25":{"start":{"line":65,"column":91},"end":{"line":65,"column":139}},"26":{"start":{"line":67,"column":4},"end":{"line":67,"column":21}},"27":{"start":{"line":80,"column":20},"end":{"line":80,"column":46}},"28":{"start":{"line":82,"column":4},"end":{"line":118,"column":5}},"29":{"start":{"line":83,"column":20},"end":{"line":114,"column":33}},"30":{"start":{"line":84,"column":23},"end":{"line":84,"column":43}},"31":{"start":{"line":88,"column":10},"end":{"line":99,"column":20}},"32":{"start":{"line":90,"column":77},"end":{"line":90,"column":144}},"33":{"start":{"line":104,"column":10},"end":{"line":107,"column":23}},"34":{"start":{"line":110,"column":8},"end":{"line":113,"column":10}},"35":{"start":{"line":116,"column":6},"end":{"line":116,"column":27}},"36":{"start":{"line":117,"column":6},"end":{"line":117,"column":33}},"37":{"start":{"line":120,"column":4},"end":{"line":142,"column":6}},"38":{"start":{"line":130,"column":89},"end":{"line":130,"column":127}},"39":{"start":{"line":131,"column":91},"end":{"line":131,"column":129}},"40":{"start":{"line":146,"column":0},"end":{"line":153,"column":2}}},"fnMap":{"0":{"name":"(anonymous_0)","decl":{"start":{"line":28,"column":2},"end":{"line":28,"column":3}},"loc":{"start":{"line":28,"column":23},"end":{"line":32,"column":3}},"line":28},"1":{"name":"(anonymous_1)","decl":{"start":{"line":34,"column":15},"end":{"line":34,"column":16}},"loc":{"start":{"line":34,"column":27},"end":{"line":60,"column":3}},"line":34},"2":{"name":"(anonymous_2)","decl":{"start":{"line":56,"column":18},"end":{"line":56,"column":19}},"loc":{"start":{"line":56,"column":34},"end":{"line":59,"column":5}},"line":56},"3":{"name":"(anonymous_3)","decl":{"start":{"line":62,"column":20},"end":{"line":62,"column":21}},"loc":{"start":{"line":62,"column":26},"end":{"line":68,"column":3}},"line":62},"4":{"name":"(anonymous_4)","decl":{"start":{"line":65,"column":85},"end":{"line":65,"column":86}},"loc":{"start":{"line":65,"column":91},"end":{"line":65,"column":139}},"line":65},"5":{"name":"(anonymous_5)","decl":{"start":{"line":70,"column":2},"end":{"line":70,"column":3}},"loc":{"start":{"line":70,"column":11},"end":{"line":143,"column":3}},"line":70},"6":{"name":"(anonymous_6)","decl":{"start":{"line":83,"column":43},"end":{"line":83,"column":44}},"loc":{"start":{"line":83,"column":58},"end":{"line":114,"column":7}},"line":83},"7":{"name":"(anonymous_7)","decl":{"start":{"line":90,"column":71},"end":{"line":90,"column":72}},"loc":{"start":{"line":90,"column":77},"end":{"line":90,"column":144}},"line":90},"8":{"name":"(anonymous_8)","decl":{"start":{"line":130,"column":83},"end":{"line":130,"column":84}},"loc":{"start":{"line":130,"column":89},"end":{"line":130,"column":127}},"line":130},"9":{"name":"(anonymous_9)","decl":{"start":{"line":131,"column":85},"end":{"line":131,"column":86}},"loc":{"start":{"line":131,"column":91},"end":{"line":131,"column":129}},"line":131}},"branchMap":{"0":{"loc":{"start":{"line":23,"column":10},"end":{"line":23,"column":35}},"type":"binary-expr","locations":[{"start":{"line":23,"column":10},"end":{"line":23,"column":30}},{"start":{"line":23,"column":34},"end":{"line":23,"column":35}}],"line":23},"1":{"loc":{"start":{"line":24,"column":9},"end":{"line":24,"column":28}},"type":"binary-expr","locations":[{"start":{"line":24,"column":9},"end":{"line":24,"column":23}},{"start":{"line":24,"column":27},"end":{"line":24,"column":28}}],"line":24},"2":{"loc":{"start":{"line":25,"column":11},"end":{"line":25,"column":37}},"type":"binary-expr","locations":[{"start":{"line":25,"column":11},"end":{"line":25,"column":32}},{"start":{"line":25,"column":36},"end":{"line":25,"column":37}}],"line":25},"3":{"loc":{"start":{"line":30,"column":4},"end":{"line":30,"column":41}},"type":"if","locations":[{"start":{"line":30,"column":4},"end":{"line":30,"column":41}},{"start":{"line":30,"column":4},"end":{"line":30,"column":41}}],"line":30},"4":{"loc":{"start":{"line":38,"column":4},"end":{"line":53,"column":5}},"type":"switch","locations":[{"start":{"line":39,"column":6},"end":{"line":42,"column":14}},{"start":{"line":43,"column":6},"end":{"line":46,"column":14}},{"start":{"line":47,"column":6},"end":{"line":50,"column":14}},{"start":{"line":51,"column":6},"end":{"line":52,"column":23}}],"line":38},"5":{"loc":{"start":{"line":40,"column":8},"end":{"line":40,"column":48}},"type":"if","locations":[{"start":{"line":40,"column":8},"end":{"line":40,"column":48}},{"start":{"line":40,"column":8},"end":{"line":40,"column":48}}],"line":40},"6":{"loc":{"start":{"line":44,"column":8},"end":{"line":44,"column":31}},"type":"if","locations":[{"start":{"line":44,"column":8},"end":{"line":44,"column":31}},{"start":{"line":44,"column":8},"end":{"line":44,"column":31}}],"line":44},"7":{"loc":{"start":{"line":48,"column":8},"end":{"line":48,"column":41}},"type":"if","locations":[{"start":{"line":48,"column":8},"end":{"line":48,"column":41}},{"start":{"line":48,"column":8},"end":{"line":48,"column":41}}],"line":48},"8":{"loc":{"start":{"line":82,"column":4},"end":{"line":118,"column":5}},"type":"if","locations":[{"start":{"line":82,"column":4},"end":{"line":118,"column":5}},{"start":{"line":82,"column":4},"end":{"line":118,"column":5}}],"line":82},"9":{"loc":{"start":{"line":89,"column":14},"end":{"line":90,"column":148}},"type":"binary-expr","locations":[{"start":{"line":89,"column":14},"end":{"line":89,"column":37}},{"start":{"line":90,"column":14},"end":{"line":90,"column":148}}],"line":89},"10":{"loc":{"start":{"line":92,"column":14},"end":{"line":95,"column":18}},"type":"binary-expr","locations":[{"start":{"line":92,"column":14},"end":{"line":92,"column":20}},{"start":{"line":93,"column":14},"end":{"line":95,"column":18}}],"line":92},"11":{"loc":{"start":{"line":93,"column":39},"end":{"line":93,"column":152}},"type":"cond-expr","locations":[{"start":{"line":93,"column":68},"end":{"line":93,"column":98}},{"start":{"line":93,"column":101},"end":{"line":93,"column":152}}],"line":93},"12":{"loc":{"start":{"line":97,"column":26},"end":{"line":97,"column":108}},"type":"cond-expr","locations":[{"start":{"line":97,"column":84},"end":{"line":97,"column":103}},{"start":{"line":97,"column":106},"end":{"line":97,"column":108}}],"line":97},"13":{"loc":{"start":{"line":97,"column":27},"end":{"line":97,"column":80}},"type":"binary-expr","locations":[{"start":{"line":97,"column":27},"end":{"line":97,"column":46}},{"start":{"line":97,"column":50},"end":{"line":97,"column":80}}],"line":97}},"s":{"0":0,"1":0,"2":0,"3":0,"4":0,"5":0,"6":0,"7":0,"8":0,"9":0,"10":0,"11":0,"12":0,"13":0,"14":0,"15":0,"16":0,"17":0,"18":0,"19":0,"20":0,"21":0,"22":0,"23":0,"24":0,"25":0,"26":0,"27":0,"28":0,"29":0,"30":0,"31":0,"32":0,"33":0,"34":0,"35":0,"36":0,"37":0,"38":0,"39":0,"40":1},"f":{"0":0,"1":0,"2":0,"3":0,"4":0,"5":0,"6":0,"7":0,"8":0,"9":0},"b":{"0":[0,0],"1":[0,0],"2":[0,0],"3":[0,0],"4":[0,0,0,0],"5":[0,0],"6":[0,0],"7":[0,0],"8":[0,0],"9":[0,0],"10":[0,0],"11":[0,0],"12":[0,0],"13":[0,0]},"_coverageSchema":"332fd63041d2c1bcb487cc26dd0d5f7d97098a6c","hash":"ed0a2efe112e0ff6762a442e7dd88b06fce2ec43"}
,"/Users/Jcompsta/temp/carousel-project/app/containers/App/AppWrapper.js": {"path":"/Users/Jcompsta/temp/carousel-project/app/containers/App/AppWrapper.js","statementMap":{"0":{"start":{"line":3,"column":19},"end":{"line":11,"column":1}}},"fnMap":{},"branchMap":{},"s":{"0":1},"f":{},"b":{},"_coverageSchema":"332fd63041d2c1bcb487cc26dd0d5f7d97098a6c","hash":"db4087e70762721af5bdd2de6a78c850361a5a49"}
,"/Users/Jcompsta/temp/carousel-project/app/containers/App/Content.js": {"path":"/Users/Jcompsta/temp/carousel-project/app/containers/App/Content.js","statementMap":{"0":{"start":{"line":3,"column":16},"end":{"line":6,"column":1}}},"fnMap":{},"branchMap":{},"s":{"0":1},"f":{},"b":{},"_coverageSchema":"332fd63041d2c1bcb487cc26dd0d5f7d97098a6c","hash":"052ba9aa4528de6b65109288185ce74146f40ba0"}
,"/Users/Jcompsta/temp/carousel-project/app/containers/App/Footer.js": {"path":"/Users/Jcompsta/temp/carousel-project/app/containers/App/Footer.js","statementMap":{"0":{"start":{"line":3,"column":15},"end":{"line":12,"column":1}}},"fnMap":{},"branchMap":{},"s":{"0":1},"f":{},"b":{},"_coverageSchema":"332fd63041d2c1bcb487cc26dd0d5f7d97098a6c","hash":"59be9dc157a2db49ddcf20a7fa6daaa10bb9db5f"}
,"/Users/Jcompsta/temp/carousel-project/app/containers/App/H1.js": {"path":"/Users/Jcompsta/temp/carousel-project/app/containers/App/H1.js","statementMap":{"0":{"start":{"line":3,"column":11},"end":{"line":7,"column":1}}},"fnMap":{},"branchMap":{},"s":{"0":1},"f":{},"b":{},"_coverageSchema":"332fd63041d2c1bcb487cc26dd0d5f7d97098a6c","hash":"91736761b7dea3d25471deb4f0435a4ff7fa1159"}
,"/Users/Jcompsta/temp/carousel-project/app/containers/App/Header.js": {"path":"/Users/Jcompsta/temp/carousel-project/app/containers/App/Header.js","statementMap":{"0":{"start":{"line":3,"column":15},"end":{"line":18,"column":1}}},"fnMap":{},"branchMap":{},"s":{"0":1},"f":{},"b":{},"_coverageSchema":"332fd63041d2c1bcb487cc26dd0d5f7d97098a6c","hash":"03547b4eb81509245d2496f90324d0e957d0084c"}
,"/Users/Jcompsta/temp/carousel-project/app/containers/App/HeaderBar.js": {"path":"/Users/Jcompsta/temp/carousel-project/app/containers/App/HeaderBar.js","statementMap":{"0":{"start":{"line":3,"column":18},"end":{"line":11,"column":1}}},"fnMap":{},"branchMap":{},"s":{"0":1},"f":{},"b":{},"_coverageSchema":"332fd63041d2c1bcb487cc26dd0d5f7d97098a6c","hash":"51142c8175250242212f17d7ad2ff229e246f2ac"}
,"/Users/Jcompsta/temp/carousel-project/app/containers/App/P.js": {"path":"/Users/Jcompsta/temp/carousel-project/app/containers/App/P.js","statementMap":{"0":{"start":{"line":3,"column":10},"end":{"line":27,"column":1}}},"fnMap":{},"branchMap":{},"s":{"0":1},"f":{},"b":{},"_coverageSchema":"332fd63041d2c1bcb487cc26dd0d5f7d97098a6c","hash":"7b18d2ebcba482de68005cf6c36d4022b3c7e81f"}
,"/Users/Jcompsta/temp/carousel-project/app/containers/App/constants.js": {"path":"/Users/Jcompsta/temp/carousel-project/app/containers/App/constants.js","statementMap":{"0":{"start":{"line":12,"column":30},"end":{"line":12,"column":34}}},"fnMap":{},"branchMap":{},"s":{"0":9},"f":{},"b":{},"_coverageSchema":"332fd63041d2c1bcb487cc26dd0d5f7d97098a6c","hash":"52aedaed853524f299a314885092ba87504b798f"}
,"/Users/Jcompsta/temp/carousel-project/app/containers/App/index.js": {"path":"/Users/Jcompsta/temp/carousel-project/app/containers/App/index.js","statementMap":{"0":{"start":{"line":21,"column":2},"end":{"line":46,"column":4}}},"fnMap":{"0":{"name":"App","decl":{"start":{"line":20,"column":24},"end":{"line":20,"column":27}},"loc":{"start":{"line":20,"column":30},"end":{"line":47,"column":1}},"line":20}},"branchMap":{},"s":{"0":1},"f":{"0":1},"b":{},"_coverageSchema":"332fd63041d2c1bcb487cc26dd0d5f7d97098a6c","hash":"fe8b1b6602e2af6c837d16d0bb817049f1ab1871"}
,"/Users/Jcompsta/temp/carousel-project/app/containers/App/messages.js": {"path":"/Users/Jcompsta/temp/carousel-project/app/containers/App/messages.js","statementMap":{},"fnMap":{},"branchMap":{},"s":{},"f":{},"b":{},"_coverageSchema":"332fd63041d2c1bcb487cc26dd0d5f7d97098a6c","hash":"c7d7164c63eea6db8f56a3e7af29d8a4dec05db4"}
,"/Users/Jcompsta/temp/carousel-project/app/containers/App/selectors.js": {"path":"/Users/Jcompsta/temp/carousel-project/app/containers/App/selectors.js","statementMap":{"0":{"start":{"line":3,"column":20},"end":{"line":3,"column":49}},"1":{"start":{"line":3,"column":31},"end":{"line":3,"column":49}},"2":{"start":{"line":5,"column":27},"end":{"line":8,"column":1}},"3":{"start":{"line":5,"column":33},"end":{"line":8,"column":1}},"4":{"start":{"line":7,"column":18},"end":{"line":7,"column":51}}},"fnMap":{"0":{"name":"(anonymous_0)","decl":{"start":{"line":3,"column":20},"end":{"line":3,"column":21}},"loc":{"start":{"line":3,"column":31},"end":{"line":3,"column":49}},"line":3},"1":{"name":"(anonymous_1)","decl":{"start":{"line":5,"column":27},"end":{"line":5,"column":28}},"loc":{"start":{"line":5,"column":33},"end":{"line":8,"column":1}},"line":5},"2":{"name":"(anonymous_2)","decl":{"start":{"line":7,"column":2},"end":{"line":7,"column":3}},"loc":{"start":{"line":7,"column":18},"end":{"line":7,"column":51}},"line":7}},"branchMap":{},"s":{"0":1,"1":1,"2":1,"3":1,"4":1},"f":{"0":1,"1":1,"2":1},"b":{},"_coverageSchema":"332fd63041d2c1bcb487cc26dd0d5f7d97098a6c","hash":"baf979dd532c0d43b07cea46298d1fd68ba7c6f7"}
,"/Users/Jcompsta/temp/carousel-project/app/containers/HomePage/Header.js": {"path":"/Users/Jcompsta/temp/carousel-project/app/containers/HomePage/Header.js","statementMap":{"0":{"start":{"line":3,"column":15},"end":{"line":11,"column":1}}},"fnMap":{},"branchMap":{},"s":{"0":1},"f":{},"b":{},"_coverageSchema":"332fd63041d2c1bcb487cc26dd0d5f7d97098a6c","hash":"7e768f61c3d5dfd8ac892f5d86a02d5c3079b66b"}
,"/Users/Jcompsta/temp/carousel-project/app/containers/HomePage/HomeSection.js": {"path":"/Users/Jcompsta/temp/carousel-project/app/containers/HomePage/HomeSection.js","statementMap":{"0":{"start":{"line":3,"column":20},"end":{"line":6,"column":1}}},"fnMap":{},"branchMap":{},"s":{"0":1},"f":{},"b":{},"_coverageSchema":"332fd63041d2c1bcb487cc26dd0d5f7d97098a6c","hash":"f244be414c0249554b8a61c46c84fe27931b5c13"}
,"/Users/Jcompsta/temp/carousel-project/app/containers/HomePage/SectionH1.js": {"path":"/Users/Jcompsta/temp/carousel-project/app/containers/HomePage/SectionH1.js","statementMap":{"0":{"start":{"line":3,"column":11},"end":{"line":5,"column":1}}},"fnMap":{},"branchMap":{},"s":{"0":1},"f":{},"b":{},"_coverageSchema":"332fd63041d2c1bcb487cc26dd0d5f7d97098a6c","hash":"ad8dfcdb15f7ef634257264878f123f7c28febc9"}
,"/Users/Jcompsta/temp/carousel-project/app/containers/HomePage/Wrapper.js": {"path":"/Users/Jcompsta/temp/carousel-project/app/containers/HomePage/Wrapper.js","statementMap":{"0":{"start":{"line":3,"column":16},"end":{"line":11,"column":1}}},"fnMap":{},"branchMap":{},"s":{"0":1},"f":{},"b":{},"_coverageSchema":"332fd63041d2c1bcb487cc26dd0d5f7d97098a6c","hash":"328628fc64cc34382c6d5f2b2933c43feabcefa1"}
,"/Users/Jcompsta/temp/carousel-project/app/containers/HomePage/actions.js": {"path":"/Users/Jcompsta/temp/carousel-project/app/containers/HomePage/actions.js","statementMap":{"0":{"start":{"line":22,"column":2},"end":{"line":27,"column":4}},"1":{"start":{"line":38,"column":2},"end":{"line":41,"column":4}},"2":{"start":{"line":52,"column":2},"end":{"line":55,"column":4}},"3":{"start":{"line":67,"column":2},"end":{"line":71,"column":4}},"4":{"start":{"line":82,"column":2},"end":{"line":85,"column":4}},"5":{"start":{"line":96,"column":2},"end":{"line":99,"column":4}},"6":{"start":{"line":111,"column":2},"end":{"line":115,"column":4}},"7":{"start":{"line":126,"column":2},"end":{"line":129,"column":4}},"8":{"start":{"line":140,"column":2},"end":{"line":143,"column":4}}},"fnMap":{"0":{"name":"rateRecommendation","decl":{"start":{"line":21,"column":16},"end":{"line":21,"column":34}},"loc":{"start":{"line":21,"column":50},"end":{"line":28,"column":1}},"line":21},"1":{"name":"recommendationRated","decl":{"start":{"line":37,"column":16},"end":{"line":37,"column":35}},"loc":{"start":{"line":37,"column":42},"end":{"line":42,"column":1}},"line":37},"2":{"name":"recommendationRatingError","decl":{"start":{"line":51,"column":16},"end":{"line":51,"column":41}},"loc":{"start":{"line":51,"column":48},"end":{"line":56,"column":1}},"line":51},"3":{"name":"fetchRecommendations","decl":{"start":{"line":66,"column":16},"end":{"line":66,"column":36}},"loc":{"start":{"line":66,"column":48},"end":{"line":72,"column":1}},"line":66},"4":{"name":"recommendationsFetched","decl":{"start":{"line":81,"column":16},"end":{"line":81,"column":38}},"loc":{"start":{"line":81,"column":45},"end":{"line":86,"column":1}},"line":81},"5":{"name":"recommendationsFetchingError","decl":{"start":{"line":95,"column":16},"end":{"line":95,"column":44}},"loc":{"start":{"line":95,"column":52},"end":{"line":100,"column":1}},"line":95},"6":{"name":"fetchFeatures","decl":{"start":{"line":110,"column":16},"end":{"line":110,"column":29}},"loc":{"start":{"line":110,"column":41},"end":{"line":116,"column":1}},"line":110},"7":{"name":"featuresFetched","decl":{"start":{"line":125,"column":16},"end":{"line":125,"column":31}},"loc":{"start":{"line":125,"column":38},"end":{"line":130,"column":1}},"line":125},"8":{"name":"featuresFetchingError","decl":{"start":{"line":139,"column":16},"end":{"line":139,"column":37}},"loc":{"start":{"line":139,"column":45},"end":{"line":144,"column":1}},"line":139}},"branchMap":{},"s":{"0":0,"1":0,"2":0,"3":0,"4":0,"5":0,"6":0,"7":0,"8":0},"f":{"0":0,"1":0,"2":0,"3":0,"4":0,"5":0,"6":0,"7":0,"8":0},"b":{},"_coverageSchema":"332fd63041d2c1bcb487cc26dd0d5f7d97098a6c","hash":"41bdd6ed02bbc7f407851354cd53764e715b43bc"}
,"/Users/Jcompsta/temp/carousel-project/app/containers/HomePage/constants.js": {"path":"/Users/Jcompsta/temp/carousel-project/app/containers/HomePage/constants.js","statementMap":{"0":{"start":{"line":1,"column":35},"end":{"line":1,"column":82}},"1":{"start":{"line":2,"column":43},"end":{"line":2,"column":98}},"2":{"start":{"line":3,"column":41},"end":{"line":3,"column":94}},"3":{"start":{"line":4,"column":35},"end":{"line":4,"column":82}},"4":{"start":{"line":5,"column":43},"end":{"line":5,"column":98}},"5":{"start":{"line":6,"column":41},"end":{"line":6,"column":94}},"6":{"start":{"line":7,"column":28},"end":{"line":7,"column":68}},"7":{"start":{"line":8,"column":36},"end":{"line":8,"column":84}},"8":{"start":{"line":9,"column":34},"end":{"line":9,"column":80}}},"fnMap":{},"branchMap":{},"s":{"0":1,"1":1,"2":1,"3":1,"4":1,"5":1,"6":1,"7":1,"8":1},"f":{},"b":{},"_coverageSchema":"332fd63041d2c1bcb487cc26dd0d5f7d97098a6c","hash":"efa7018d5bccc2c4b68d1975f91d9d7958135197"}
,"/Users/Jcompsta/temp/carousel-project/app/containers/HomePage/index.js": {"path":"/Users/Jcompsta/temp/carousel-project/app/containers/HomePage/index.js","statementMap":{"0":{"start":{"line":28,"column":4},"end":{"line":60,"column":6}},"1":{"start":{"line":64,"column":0},"end":{"line":76,"column":2}},"2":{"start":{"line":79,"column":2},"end":{"line":83,"column":4}},"3":{"start":{"line":80,"column":45},"end":{"line":80,"column":86}},"4":{"start":{"line":81,"column":38},"end":{"line":81,"column":72}},"5":{"start":{"line":82,"column":49},"end":{"line":82,"column":92}},"6":{"start":{"line":86,"column":24},"end":{"line":91,"column":2}},"7":{"start":{"line":93,"column":20},"end":{"line":93,"column":64}},"8":{"start":{"line":94,"column":20},"end":{"line":94,"column":59}},"9":{"start":{"line":95,"column":17},"end":{"line":95,"column":50}}},"fnMap":{"0":{"name":"(anonymous_0)","decl":{"start":{"line":26,"column":2},"end":{"line":26,"column":3}},"loc":{"start":{"line":26,"column":11},"end":{"line":61,"column":3}},"line":26},"1":{"name":"mapDispatchToProps","decl":{"start":{"line":78,"column":16},"end":{"line":78,"column":34}},"loc":{"start":{"line":78,"column":45},"end":{"line":84,"column":1}},"line":78},"2":{"name":"(anonymous_2)","decl":{"start":{"line":80,"column":30},"end":{"line":80,"column":31}},"loc":{"start":{"line":80,"column":45},"end":{"line":80,"column":86}},"line":80},"3":{"name":"(anonymous_3)","decl":{"start":{"line":81,"column":23},"end":{"line":81,"column":24}},"loc":{"start":{"line":81,"column":38},"end":{"line":81,"column":72}},"line":81},"4":{"name":"(anonymous_4)","decl":{"start":{"line":82,"column":30},"end":{"line":82,"column":31}},"loc":{"start":{"line":82,"column":49},"end":{"line":82,"column":92}},"line":82}},"branchMap":{},"s":{"0":1,"1":1,"2":0,"3":0,"4":0,"5":0,"6":1,"7":1,"8":1,"9":1},"f":{"0":1,"1":0,"2":0,"3":0,"4":0},"b":{},"_coverageSchema":"332fd63041d2c1bcb487cc26dd0d5f7d97098a6c","hash":"2eac96fdd43da641563331d88fd357b1ee7186fe"}
,"/Users/Jcompsta/temp/carousel-project/app/containers/HomePage/messages.js": {"path":"/Users/Jcompsta/temp/carousel-project/app/containers/HomePage/messages.js","statementMap":{},"fnMap":{},"branchMap":{},"s":{},"f":{},"b":{},"_coverageSchema":"332fd63041d2c1bcb487cc26dd0d5f7d97098a6c","hash":"5b364de13802ad71fa22e2f2633ba7786090e8d6"}
,"/Users/Jcompsta/temp/carousel-project/app/containers/HomePage/reducer.js": {"path":"/Users/Jcompsta/temp/carousel-project/app/containers/HomePage/reducer.js","statementMap":{"0":{"start":{"line":12,"column":21},"end":{"line":18,"column":2}},"1":{"start":{"line":21,"column":2},"end":{"line":58,"column":3}},"2":{"start":{"line":23,"column":6},"end":{"line":26,"column":29}},"3":{"start":{"line":28,"column":6},"end":{"line":32,"column":45}},"4":{"start":{"line":34,"column":6},"end":{"line":38,"column":45}},"5":{"start":{"line":40,"column":6},"end":{"line":43,"column":29}},"6":{"start":{"line":45,"column":6},"end":{"line":49,"column":38}},"7":{"start":{"line":51,"column":6},"end":{"line":55,"column":38}},"8":{"start":{"line":57,"column":6},"end":{"line":57,"column":19}}},"fnMap":{"0":{"name":"homeReducer","decl":{"start":{"line":20,"column":9},"end":{"line":20,"column":20}},"loc":{"start":{"line":20,"column":51},"end":{"line":59,"column":1}},"line":20}},"branchMap":{"0":{"loc":{"start":{"line":20,"column":21},"end":{"line":20,"column":41}},"type":"default-arg","locations":[{"start":{"line":20,"column":29},"end":{"line":20,"column":41}}],"line":20},"1":{"loc":{"start":{"line":21,"column":2},"end":{"line":58,"column":3}},"type":"switch","locations":[{"start":{"line":22,"column":4},"end":{"line":26,"column":29}},{"start":{"line":27,"column":4},"end":{"line":32,"column":45}},{"start":{"line":33,"column":4},"end":{"line":38,"column":45}},{"start":{"line":39,"column":4},"end":{"line":43,"column":29}},{"start":{"line":44,"column":4},"end":{"line":49,"column":38}},{"start":{"line":50,"column":4},"end":{"line":55,"column":38}},{"start":{"line":56,"column":4},"end":{"line":57,"column":19}}],"line":21}},"s":{"0":1,"1":0,"2":0,"3":0,"4":0,"5":0,"6":0,"7":0,"8":0},"f":{"0":0},"b":{"0":[0],"1":[0,0,0,0,0,0,0]},"_coverageSchema":"332fd63041d2c1bcb487cc26dd0d5f7d97098a6c","hash":"3c93136bc0dbb2cb13fa915c956bac00f0c96de4"}
,"/Users/Jcompsta/temp/carousel-project/app/containers/HomePage/saga.js": {"path":"/Users/Jcompsta/temp/carousel-project/app/containers/HomePage/saga.js","statementMap":{"0":{"start":{"line":27,"column":21},"end":{"line":27,"column":42}},"1":{"start":{"line":29,"column":2},"end":{"line":45,"column":3}},"2":{"start":{"line":30,"column":4},"end":{"line":37,"column":7}},"3":{"start":{"line":40,"column":4},"end":{"line":40,"column":61}},"4":{"start":{"line":44,"column":4},"end":{"line":44,"column":46}},"5":{"start":{"line":52,"column":21},"end":{"line":52,"column":68}},"6":{"start":{"line":53,"column":2},"end":{"line":62,"column":3}},"7":{"start":{"line":54,"column":21},"end":{"line":56,"column":6}},"8":{"start":{"line":58,"column":4},"end":{"line":58,"column":48}},"9":{"start":{"line":61,"column":4},"end":{"line":61,"column":49}},"10":{"start":{"line":69,"column":21},"end":{"line":69,"column":71}},"11":{"start":{"line":70,"column":2},"end":{"line":79,"column":3}},"12":{"start":{"line":71,"column":21},"end":{"line":73,"column":6}},"13":{"start":{"line":75,"column":4},"end":{"line":75,"column":41}},"14":{"start":{"line":78,"column":4},"end":{"line":78,"column":42}},"15":{"start":{"line":91,"column":2},"end":{"line":91,"column":61}},"16":{"start":{"line":92,"column":2},"end":{"line":92,"column":47}},"17":{"start":{"line":93,"column":2},"end":{"line":93,"column":60}}},"fnMap":{"0":{"name":"rateRecommendation","decl":{"start":{"line":26,"column":17},"end":{"line":26,"column":35}},"loc":{"start":{"line":26,"column":44},"end":{"line":46,"column":1}},"line":26},"1":{"name":"loadRecommendations","decl":{"start":{"line":51,"column":17},"end":{"line":51,"column":36}},"loc":{"start":{"line":51,"column":45},"end":{"line":63,"column":1}},"line":51},"2":{"name":"loadFeatures","decl":{"start":{"line":68,"column":17},"end":{"line":68,"column":29}},"loc":{"start":{"line":68,"column":38},"end":{"line":80,"column":1}},"line":68},"3":{"name":"sensorsData","decl":{"start":{"line":85,"column":25},"end":{"line":85,"column":36}},"loc":{"start":{"line":85,"column":39},"end":{"line":94,"column":1}},"line":85}},"branchMap":{},"s":{"0":0,"1":0,"2":0,"3":0,"4":0,"5":0,"6":0,"7":0,"8":0,"9":0,"10":0,"11":0,"12":0,"13":0,"14":0,"15":0,"16":0,"17":0},"f":{"0":0,"1":0,"2":0,"3":0},"b":{},"_coverageSchema":"332fd63041d2c1bcb487cc26dd0d5f7d97098a6c","hash":"332eaa81331e68597ae77af7d03e37a8c6fd1d1f"}
,"/Users/Jcompsta/temp/carousel-project/app/containers/HomePage/selectors.js": {"path":"/Users/Jcompsta/temp/carousel-project/app/containers/HomePage/selectors.js","statementMap":{"0":{"start":{"line":7,"column":19},"end":{"line":7,"column":47}},"1":{"start":{"line":7,"column":30},"end":{"line":7,"column":47}},"2":{"start":{"line":9,"column":34},"end":{"line":16,"column":1}},"3":{"start":{"line":9,"column":40},"end":{"line":16,"column":1}},"4":{"start":{"line":12,"column":37},"end":{"line":12,"column":69}},"5":{"start":{"line":13,"column":4},"end":{"line":13,"column":83}},"6":{"start":{"line":13,"column":51},"end":{"line":13,"column":83}},"7":{"start":{"line":14,"column":4},"end":{"line":14,"column":43}},"8":{"start":{"line":18,"column":27},"end":{"line":25,"column":1}},"9":{"start":{"line":18,"column":33},"end":{"line":25,"column":1}},"10":{"start":{"line":21,"column":30},"end":{"line":21,"column":55}},"11":{"start":{"line":22,"column":4},"end":{"line":22,"column":69}},"12":{"start":{"line":22,"column":44},"end":{"line":22,"column":69}},"13":{"start":{"line":23,"column":4},"end":{"line":23,"column":36}},"14":{"start":{"line":27,"column":26},"end":{"line":30,"column":1}},"15":{"start":{"line":27,"column":32},"end":{"line":30,"column":1}},"16":{"start":{"line":29,"column":17},"end":{"line":29,"column":41}},"17":{"start":{"line":32,"column":26},"end":{"line":35,"column":1}},"18":{"start":{"line":32,"column":32},"end":{"line":35,"column":1}},"19":{"start":{"line":34,"column":17},"end":{"line":34,"column":41}},"20":{"start":{"line":37,"column":24},"end":{"line":40,"column":1}},"21":{"start":{"line":37,"column":30},"end":{"line":40,"column":1}},"22":{"start":{"line":39,"column":17},"end":{"line":39,"column":39}}},"fnMap":{"0":{"name":"(anonymous_0)","decl":{"start":{"line":7,"column":19},"end":{"line":7,"column":20}},"loc":{"start":{"line":7,"column":30},"end":{"line":7,"column":47}},"line":7},"1":{"name":"(anonymous_1)","decl":{"start":{"line":9,"column":34},"end":{"line":9,"column":35}},"loc":{"start":{"line":9,"column":40},"end":{"line":16,"column":1}},"line":9},"2":{"name":"(anonymous_2)","decl":{"start":{"line":11,"column":2},"end":{"line":11,"column":3}},"loc":{"start":{"line":11,"column":17},"end":{"line":15,"column":3}},"line":11},"3":{"name":"(anonymous_3)","decl":{"start":{"line":18,"column":27},"end":{"line":18,"column":28}},"loc":{"start":{"line":18,"column":33},"end":{"line":25,"column":1}},"line":18},"4":{"name":"(anonymous_4)","decl":{"start":{"line":20,"column":2},"end":{"line":20,"column":3}},"loc":{"start":{"line":20,"column":17},"end":{"line":24,"column":3}},"line":20},"5":{"name":"(anonymous_5)","decl":{"start":{"line":27,"column":26},"end":{"line":27,"column":27}},"loc":{"start":{"line":27,"column":32},"end":{"line":30,"column":1}},"line":27},"6":{"name":"(anonymous_6)","decl":{"start":{"line":29,"column":2},"end":{"line":29,"column":3}},"loc":{"start":{"line":29,"column":17},"end":{"line":29,"column":41}},"line":29},"7":{"name":"(anonymous_7)","decl":{"start":{"line":32,"column":26},"end":{"line":32,"column":27}},"loc":{"start":{"line":32,"column":32},"end":{"line":35,"column":1}},"line":32},"8":{"name":"(anonymous_8)","decl":{"start":{"line":34,"column":2},"end":{"line":34,"column":3}},"loc":{"start":{"line":34,"column":17},"end":{"line":34,"column":41}},"line":34},"9":{"name":"(anonymous_9)","decl":{"start":{"line":37,"column":24},"end":{"line":37,"column":25}},"loc":{"start":{"line":37,"column":30},"end":{"line":40,"column":1}},"line":37},"10":{"name":"(anonymous_10)","decl":{"start":{"line":39,"column":2},"end":{"line":39,"column":3}},"loc":{"start":{"line":39,"column":17},"end":{"line":39,"column":39}},"line":39}},"branchMap":{"0":{"loc":{"start":{"line":13,"column":4},"end":{"line":13,"column":83}},"type":"if","locations":[{"start":{"line":13,"column":4},"end":{"line":13,"column":83}},{"start":{"line":13,"column":4},"end":{"line":13,"column":83}}],"line":13},"1":{"loc":{"start":{"line":22,"column":4},"end":{"line":22,"column":69}},"type":"if","locations":[{"start":{"line":22,"column":4},"end":{"line":22,"column":69}},{"start":{"line":22,"column":4},"end":{"line":22,"column":69}}],"line":22}},"s":{"0":2,"1":4,"2":2,"3":2,"4":1,"5":1,"6":0,"7":1,"8":2,"9":1,"10":0,"11":0,"12":0,"13":0,"14":2,"15":1,"16":1,"17":2,"18":1,"19":1,"20":2,"21":1,"22":1},"f":{"0":4,"1":2,"2":1,"3":1,"4":0,"5":1,"6":1,"7":1,"8":1,"9":1,"10":1},"b":{"0":[0,1],"1":[0,0]},"_coverageSchema":"332fd63041d2c1bcb487cc26dd0d5f7d97098a6c","hash":"e07b6bde8ccc17840d8ab0842a333145296bcb50"}
,"/Users/Jcompsta/temp/carousel-project/app/containers/LanguageProvider/actions.js": {"path":"/Users/Jcompsta/temp/carousel-project/app/containers/LanguageProvider/actions.js","statementMap":{"0":{"start":{"line":12,"column":2},"end":{"line":15,"column":4}}},"fnMap":{"0":{"name":"changeLocale","decl":{"start":{"line":11,"column":16},"end":{"line":11,"column":28}},"loc":{"start":{"line":11,"column":45},"end":{"line":16,"column":1}},"line":11}},"branchMap":{},"s":{"0":1},"f":{"0":1},"b":{},"_coverageSchema":"332fd63041d2c1bcb487cc26dd0d5f7d97098a6c","hash":"4bfebacd799b41ae916d220765a5bb33a389b921"}
,"/Users/Jcompsta/temp/carousel-project/app/containers/LanguageProvider/constants.js": {"path":"/Users/Jcompsta/temp/carousel-project/app/containers/LanguageProvider/constants.js","statementMap":{"0":{"start":{"line":7,"column":29},"end":{"line":7,"column":63}},"1":{"start":{"line":8,"column":30},"end":{"line":8,"column":34}}},"fnMap":{},"branchMap":{},"s":{"0":9,"1":9},"f":{},"b":{},"_coverageSchema":"332fd63041d2c1bcb487cc26dd0d5f7d97098a6c","hash":"1230769d35a90966239e50f6bf6bca23a02719d9"}
,"/Users/Jcompsta/temp/carousel-project/app/containers/LanguageProvider/index.js": {"path":"/Users/Jcompsta/temp/carousel-project/app/containers/LanguageProvider/index.js","statementMap":{"0":{"start":{"line":19,"column":4},"end":{"line":23,"column":6}},"1":{"start":{"line":27,"column":0},"end":{"line":31,"column":2}},"2":{"start":{"line":34,"column":24},"end":{"line":37,"column":1}},"3":{"start":{"line":36,"column":15},"end":{"line":36,"column":25}},"4":{"start":{"line":40,"column":2},"end":{"line":42,"column":4}}},"fnMap":{"0":{"name":"(anonymous_0)","decl":{"start":{"line":18,"column":2},"end":{"line":18,"column":3}},"loc":{"start":{"line":18,"column":11},"end":{"line":24,"column":3}},"line":18},"1":{"name":"(anonymous_1)","decl":{"start":{"line":36,"column":2},"end":{"line":36,"column":3}},"loc":{"start":{"line":36,"column":15},"end":{"line":36,"column":25}},"line":36},"2":{"name":"mapDispatchToProps","decl":{"start":{"line":39,"column":9},"end":{"line":39,"column":27}},"loc":{"start":{"line":39,"column":38},"end":{"line":43,"column":1}},"line":39}},"branchMap":{},"s":{"0":2,"1":1,"2":1,"3":1,"4":1},"f":{"0":2,"1":1,"2":1},"b":{},"_coverageSchema":"332fd63041d2c1bcb487cc26dd0d5f7d97098a6c","hash":"50d9b94b4c4079f6b5d307327a03b5adc91ab39c"}
,"/Users/Jcompsta/temp/carousel-project/app/containers/LanguageProvider/reducer.js": {"path":"/Users/Jcompsta/temp/carousel-project/app/containers/LanguageProvider/reducer.js","statementMap":{"0":{"start":{"line":16,"column":21},"end":{"line":18,"column":2}},"1":{"start":{"line":21,"column":2},"end":{"line":27,"column":3}},"2":{"start":{"line":23,"column":6},"end":{"line":24,"column":38}},"3":{"start":{"line":26,"column":6},"end":{"line":26,"column":19}}},"fnMap":{"0":{"name":"languageProviderReducer","decl":{"start":{"line":20,"column":9},"end":{"line":20,"column":32}},"loc":{"start":{"line":20,"column":63},"end":{"line":28,"column":1}},"line":20}},"branchMap":{"0":{"loc":{"start":{"line":20,"column":33},"end":{"line":20,"column":53}},"type":"default-arg","locations":[{"start":{"line":20,"column":41},"end":{"line":20,"column":53}}],"line":20},"1":{"loc":{"start":{"line":21,"column":2},"end":{"line":27,"column":3}},"type":"switch","locations":[{"start":{"line":22,"column":4},"end":{"line":24,"column":38}},{"start":{"line":25,"column":4},"end":{"line":26,"column":19}}],"line":21}},"s":{"0":8,"1":51,"2":1,"3":50},"f":{"0":51},"b":{"0":[41],"1":[1,50]},"_coverageSchema":"332fd63041d2c1bcb487cc26dd0d5f7d97098a6c","hash":"8af3a54777580d6a6437efa16ba66174c138681e"}
,"/Users/Jcompsta/temp/carousel-project/app/containers/LanguageProvider/selectors.js": {"path":"/Users/Jcompsta/temp/carousel-project/app/containers/LanguageProvider/selectors.js","statementMap":{"0":{"start":{"line":6,"column":23},"end":{"line":6,"column":55}},"1":{"start":{"line":6,"column":34},"end":{"line":6,"column":55}},"2":{"start":{"line":12,"column":25},"end":{"line":15,"column":1}},"3":{"start":{"line":12,"column":31},"end":{"line":15,"column":1}},"4":{"start":{"line":14,"column":21},"end":{"line":14,"column":48}}},"fnMap":{"0":{"name":"(anonymous_0)","decl":{"start":{"line":6,"column":23},"end":{"line":6,"column":24}},"loc":{"start":{"line":6,"column":34},"end":{"line":6,"column":55}},"line":6},"1":{"name":"(anonymous_1)","decl":{"start":{"line":12,"column":25},"end":{"line":12,"column":26}},"loc":{"start":{"line":12,"column":31},"end":{"line":15,"column":1}},"line":12},"2":{"name":"(anonymous_2)","decl":{"start":{"line":14,"column":2},"end":{"line":14,"column":3}},"loc":{"start":{"line":14,"column":21},"end":{"line":14,"column":48}},"line":14}},"branchMap":{},"s":{"0":2,"1":2,"2":2,"3":1,"4":1},"f":{"0":2,"1":1,"2":1},"b":{},"_coverageSchema":"332fd63041d2c1bcb487cc26dd0d5f7d97098a6c","hash":"d85ea7fd8cfbf2b367c66f930d3bdeccf551c1d0"}
,"/Users/Jcompsta/temp/carousel-project/app/containers/NotFoundPage/H1.js": {"path":"/Users/Jcompsta/temp/carousel-project/app/containers/NotFoundPage/H1.js","statementMap":{"0":{"start":{"line":3,"column":11},"end":{"line":5,"column":1}}},"fnMap":{},"branchMap":{},"s":{"0":1},"f":{},"b":{},"_coverageSchema":"332fd63041d2c1bcb487cc26dd0d5f7d97098a6c","hash":"120b5ab391b4ca350f11371748721d86e9c85b1e"}
,"/Users/Jcompsta/temp/carousel-project/app/containers/NotFoundPage/Header.js": {"path":"/Users/Jcompsta/temp/carousel-project/app/containers/NotFoundPage/Header.js","statementMap":{"0":{"start":{"line":3,"column":15},"end":{"line":14,"column":1}}},"fnMap":{},"branchMap":{},"s":{"0":1},"f":{},"b":{},"_coverageSchema":"332fd63041d2c1bcb487cc26dd0d5f7d97098a6c","hash":"56b718784bb9bf45f2940509c86536fe4bd4d88e"}
,"/Users/Jcompsta/temp/carousel-project/app/containers/NotFoundPage/Wrapper.js": {"path":"/Users/Jcompsta/temp/carousel-project/app/containers/NotFoundPage/Wrapper.js","statementMap":{"0":{"start":{"line":3,"column":16},"end":{"line":5,"column":1}}},"fnMap":{},"branchMap":{},"s":{"0":1},"f":{},"b":{},"_coverageSchema":"332fd63041d2c1bcb487cc26dd0d5f7d97098a6c","hash":"f8797632551c4503347d343923727b64d492fdf5"}
,"/Users/Jcompsta/temp/carousel-project/app/containers/NotFoundPage/index.js": {"path":"/Users/Jcompsta/temp/carousel-project/app/containers/NotFoundPage/index.js","statementMap":{"0":{"start":{"line":24,"column":4},"end":{"line":33,"column":6}}},"fnMap":{"0":{"name":"(anonymous_0)","decl":{"start":{"line":23,"column":2},"end":{"line":23,"column":3}},"loc":{"start":{"line":23,"column":11},"end":{"line":34,"column":3}},"line":23}},"branchMap":{},"s":{"0":1},"f":{"0":1},"b":{},"_coverageSchema":"332fd63041d2c1bcb487cc26dd0d5f7d97098a6c","hash":"0192e0a08b828d428fe704715aee33387a3a8fec"}
,"/Users/Jcompsta/temp/carousel-project/app/containers/NotFoundPage/messages.js": {"path":"/Users/Jcompsta/temp/carousel-project/app/containers/NotFoundPage/messages.js","statementMap":{},"fnMap":{},"branchMap":{},"s":{},"f":{},"b":{},"_coverageSchema":"332fd63041d2c1bcb487cc26dd0d5f7d97098a6c","hash":"73d6c695afc579e9fabbf975d3fbe31a6631c4ca"}
,"/Users/Jcompsta/temp/carousel-project/app/utils/checkStore.js": {"path":"/Users/Jcompsta/temp/carousel-project/app/utils/checkStore.js","statementMap":{"0":{"start":{"line":10,"column":16},"end":{"line":18,"column":3}},"1":{"start":{"line":19,"column":2},"end":{"line":22,"column":4}}},"fnMap":{"0":{"name":"checkStore","decl":{"start":{"line":9,"column":24},"end":{"line":9,"column":34}},"loc":{"start":{"line":9,"column":42},"end":{"line":23,"column":1}},"line":9}},"branchMap":{},"s":{"0":13,"1":13},"f":{"0":13},"b":{},"_coverageSchema":"332fd63041d2c1bcb487cc26dd0d5f7d97098a6c","hash":"0bdf8a7770792881436c2a648e4cc5dd50b5d003"}
,"/Users/Jcompsta/temp/carousel-project/app/utils/constants.js": {"path":"/Users/Jcompsta/temp/carousel-project/app/utils/constants.js","statementMap":{"0":{"start":{"line":1,"column":34},"end":{"line":1,"column":70}},"1":{"start":{"line":2,"column":22},"end":{"line":2,"column":46}},"2":{"start":{"line":3,"column":33},"end":{"line":3,"column":68}}},"fnMap":{},"branchMap":{},"s":{"0":3,"1":3,"2":3},"f":{},"b":{},"_coverageSchema":"332fd63041d2c1bcb487cc26dd0d5f7d97098a6c","hash":"9701f2dde4fbac32a0fc3d694f550e026e5f3670"}
,"/Users/Jcompsta/temp/carousel-project/app/utils/injectReducer.js": {"path":"/Users/Jcompsta/temp/carousel-project/app/utils/injectReducer.js","statementMap":{"0":{"start":{"line":14,"column":37},"end":{"line":36,"column":1}},"1":{"start":{"line":23,"column":32},"end":{"line":23,"column":46}},"2":{"start":{"line":25,"column":6},"end":{"line":25,"column":34}},"3":{"start":{"line":31,"column":6},"end":{"line":31,"column":50}},"4":{"start":{"line":35,"column":2},"end":{"line":35,"column":65}}},"fnMap":{"0":{"name":"(anonymous_0)","decl":{"start":{"line":14,"column":15},"end":{"line":14,"column":16}},"loc":{"start":{"line":14,"column":37},"end":{"line":36,"column":1}},"line":14},"1":{"name":"(anonymous_1)","decl":{"start":{"line":14,"column":37},"end":{"line":14,"column":38}},"loc":{"start":{"line":14,"column":59},"end":{"line":36,"column":1}},"line":14},"2":{"name":"(anonymous_2)","decl":{"start":{"line":22,"column":4},"end":{"line":22,"column":5}},"loc":{"start":{"line":22,"column":25},"end":{"line":26,"column":5}},"line":22},"3":{"name":"(anonymous_3)","decl":{"start":{"line":30,"column":4},"end":{"line":30,"column":5}},"loc":{"start":{"line":30,"column":13},"end":{"line":32,"column":5}},"line":30}},"branchMap":{"0":{"loc":{"start":{"line":20,"column":41},"end":{"line":20,"column":109}},"type":"binary-expr","locations":[{"start":{"line":20,"column":41},"end":{"line":20,"column":69}},{"start":{"line":20,"column":73},"end":{"line":20,"column":94}},{"start":{"line":20,"column":98},"end":{"line":20,"column":109}}],"line":20}},"s":{"0":5,"1":2,"2":2,"3":2,"4":5},"f":{"0":5,"1":5,"2":2,"3":2},"b":{"0":[5,4,1]},"_coverageSchema":"332fd63041d2c1bcb487cc26dd0d5f7d97098a6c","hash":"e173ea249269b5b208b32e284bfb37d312885932"}
,"/Users/Jcompsta/temp/carousel-project/app/utils/injectSaga.js": {"path":"/Users/Jcompsta/temp/carousel-project/app/utils/injectSaga.js","statementMap":{"0":{"start":{"line":18,"column":40},"end":{"line":46,"column":1}},"1":{"start":{"line":27,"column":29},"end":{"line":27,"column":43}},"2":{"start":{"line":29,"column":6},"end":{"line":29,"column":50}},"3":{"start":{"line":33,"column":28},"end":{"line":33,"column":42}},"4":{"start":{"line":35,"column":6},"end":{"line":35,"column":21}},"5":{"start":{"line":41,"column":6},"end":{"line":41,"column":50}},"6":{"start":{"line":45,"column":2},"end":{"line":45,"column":60}}},"fnMap":{"0":{"name":"(anonymous_0)","decl":{"start":{"line":18,"column":15},"end":{"line":18,"column":16}},"loc":{"start":{"line":18,"column":40},"end":{"line":46,"column":1}},"line":18},"1":{"name":"(anonymous_1)","decl":{"start":{"line":18,"column":40},"end":{"line":18,"column":41}},"loc":{"start":{"line":18,"column":62},"end":{"line":46,"column":1}},"line":18},"2":{"name":"(anonymous_2)","decl":{"start":{"line":26,"column":4},"end":{"line":26,"column":5}},"loc":{"start":{"line":26,"column":25},"end":{"line":30,"column":5}},"line":26},"3":{"name":"(anonymous_3)","decl":{"start":{"line":32,"column":4},"end":{"line":32,"column":5}},"loc":{"start":{"line":32,"column":27},"end":{"line":36,"column":5}},"line":32},"4":{"name":"(anonymous_4)","decl":{"start":{"line":40,"column":4},"end":{"line":40,"column":5}},"loc":{"start":{"line":40,"column":13},"end":{"line":42,"column":5}},"line":40}},"branchMap":{"0":{"loc":{"start":{"line":24,"column":38},"end":{"line":24,"column":106}},"type":"binary-expr","locations":[{"start":{"line":24,"column":38},"end":{"line":24,"column":66}},{"start":{"line":24,"column":70},"end":{"line":24,"column":91}},{"start":{"line":24,"column":95},"end":{"line":24,"column":106}}],"line":24}},"s":{"0":6,"1":3,"2":3,"3":1,"4":1,"5":3,"6":6},"f":{"0":6,"1":6,"2":3,"3":1,"4":3},"b":{"0":[6,5,1]},"_coverageSchema":"332fd63041d2c1bcb487cc26dd0d5f7d97098a6c","hash":"8a5f46e5bc9f6cb7cfe9d16249e7cfa24f627618"}
,"/Users/Jcompsta/temp/carousel-project/app/utils/reducerInjectors.js": {"path":"/Users/Jcompsta/temp/carousel-project/app/utils/reducerInjectors.js","statementMap":{"0":{"start":{"line":10,"column":2},"end":{"line":23,"column":4}},"1":{"start":{"line":11,"column":4},"end":{"line":11,"column":36}},"2":{"start":{"line":11,"column":18},"end":{"line":11,"column":36}},"3":{"start":{"line":13,"column":4},"end":{"line":16,"column":6}},"4":{"start":{"line":19,"column":4},"end":{"line":19,"column":100}},"5":{"start":{"line":19,"column":93},"end":{"line":19,"column":100}},"6":{"start":{"line":21,"column":4},"end":{"line":21,"column":42}},"7":{"start":{"line":22,"column":4},"end":{"line":22,"column":64}},"8":{"start":{"line":27,"column":2},"end":{"line":27,"column":20}},"9":{"start":{"line":29,"column":2},"end":{"line":31,"column":4}}},"fnMap":{"0":{"name":"injectReducerFactory","decl":{"start":{"line":9,"column":16},"end":{"line":9,"column":36}},"loc":{"start":{"line":9,"column":53},"end":{"line":24,"column":1}},"line":9},"1":{"name":"injectReducer","decl":{"start":{"line":10,"column":18},"end":{"line":10,"column":31}},"loc":{"start":{"line":10,"column":46},"end":{"line":23,"column":3}},"line":10},"2":{"name":"getInjectors","decl":{"start":{"line":26,"column":24},"end":{"line":26,"column":36}},"loc":{"start":{"line":26,"column":44},"end":{"line":32,"column":1}},"line":26}},"branchMap":{"0":{"loc":{"start":{"line":11,"column":4},"end":{"line":11,"column":36}},"type":"if","locations":[{"start":{"line":11,"column":4},"end":{"line":11,"column":36}},{"start":{"line":11,"column":4},"end":{"line":11,"column":36}}],"line":11},"1":{"loc":{"start":{"line":14,"column":6},"end":{"line":14,"column":59}},"type":"binary-expr","locations":[{"start":{"line":14,"column":6},"end":{"line":14,"column":19}},{"start":{"line":14,"column":23},"end":{"line":14,"column":36}},{"start":{"line":14,"column":40},"end":{"line":14,"column":59}}],"line":14},"2":{"loc":{"start":{"line":19,"column":4},"end":{"line":19,"column":100}},"type":"if","locations":[{"start":{"line":19,"column":4},"end":{"line":19,"column":100}},{"start":{"line":19,"column":4},"end":{"line":19,"column":100}}],"line":19},"3":{"loc":{"start":{"line":19,"column":8},"end":{"line":19,"column":91}},"type":"binary-expr","locations":[{"start":{"line":19,"column":8},"end":{"line":19,"column":48}},{"start":{"line":19,"column":52},"end":{"line":19,"column":91}}],"line":19}},"s":{"0":8,"1":10,"2":1,"3":9,"4":6,"5":1,"6":5,"7":5,"8":2,"9":1},"f":{"0":8,"1":10,"2":2},"b":{"0":[1,9],"1":[9,7,6],"2":[1,5],"3":[6,2]},"_coverageSchema":"332fd63041d2c1bcb487cc26dd0d5f7d97098a6c","hash":"3d01978b5b8470b4c028cbaa6e5ef781831bab53"}
,"/Users/Jcompsta/temp/carousel-project/app/utils/request.js": {"path":"/Users/Jcompsta/temp/carousel-project/app/utils/request.js","statementMap":{"0":{"start":{"line":11,"column":2},"end":{"line":13,"column":3}},"1":{"start":{"line":12,"column":4},"end":{"line":12,"column":16}},"2":{"start":{"line":14,"column":2},"end":{"line":14,"column":25}},"3":{"start":{"line":25,"column":2},"end":{"line":27,"column":3}},"4":{"start":{"line":26,"column":4},"end":{"line":26,"column":20}},"5":{"start":{"line":29,"column":16},"end":{"line":29,"column":46}},"6":{"start":{"line":30,"column":2},"end":{"line":30,"column":28}},"7":{"start":{"line":31,"column":2},"end":{"line":31,"column":14}},"8":{"start":{"line":43,"column":2},"end":{"line":45,"column":21}}},"fnMap":{"0":{"name":"parseJSON","decl":{"start":{"line":10,"column":9},"end":{"line":10,"column":18}},"loc":{"start":{"line":10,"column":29},"end":{"line":15,"column":1}},"line":10},"1":{"name":"checkStatus","decl":{"start":{"line":24,"column":9},"end":{"line":24,"column":20}},"loc":{"start":{"line":24,"column":31},"end":{"line":32,"column":1}},"line":24},"2":{"name":"request","decl":{"start":{"line":42,"column":24},"end":{"line":42,"column":31}},"loc":{"start":{"line":42,"column":46},"end":{"line":46,"column":1}},"line":42}},"branchMap":{"0":{"loc":{"start":{"line":11,"column":2},"end":{"line":13,"column":3}},"type":"if","locations":[{"start":{"line":11,"column":2},"end":{"line":13,"column":3}},{"start":{"line":11,"column":2},"end":{"line":13,"column":3}}],"line":11},"1":{"loc":{"start":{"line":11,"column":6},"end":{"line":11,"column":56}},"type":"binary-expr","locations":[{"start":{"line":11,"column":6},"end":{"line":11,"column":29}},{"start":{"line":11,"column":33},"end":{"line":11,"column":56}}],"line":11},"2":{"loc":{"start":{"line":25,"column":2},"end":{"line":27,"column":3}},"type":"if","locations":[{"start":{"line":25,"column":2},"end":{"line":27,"column":3}},{"start":{"line":25,"column":2},"end":{"line":27,"column":3}}],"line":25},"3":{"loc":{"start":{"line":25,"column":6},"end":{"line":25,"column":53}},"type":"binary-expr","locations":[{"start":{"line":25,"column":6},"end":{"line":25,"column":28}},{"start":{"line":25,"column":32},"end":{"line":25,"column":53}}],"line":25}},"s":{"0":0,"1":0,"2":0,"3":0,"4":0,"5":0,"6":0,"7":0,"8":0},"f":{"0":0,"1":0,"2":0},"b":{"0":[0,0],"1":[0,0],"2":[0,0],"3":[0,0]},"_coverageSchema":"332fd63041d2c1bcb487cc26dd0d5f7d97098a6c","hash":"d28c27ac1bcc03683b74be9bdbc785f2ad9f90e8"}
,"/Users/Jcompsta/temp/carousel-project/app/utils/sagaInjectors.js": {"path":"/Users/Jcompsta/temp/carousel-project/app/utils/sagaInjectors.js","statementMap":{"0":{"start":{"line":14,"column":21},"end":{"line":14,"column":68}},"1":{"start":{"line":16,"column":17},"end":{"line":19,"column":1}},"2":{"start":{"line":16,"column":26},"end":{"line":19,"column":1}},"3":{"start":{"line":21,"column":24},"end":{"line":30,"column":1}},"4":{"start":{"line":22,"column":16},"end":{"line":25,"column":3}},"5":{"start":{"line":24,"column":20},"end":{"line":24,"column":65}},"6":{"start":{"line":26,"column":2},"end":{"line":29,"column":4}},"7":{"start":{"line":33,"column":2},"end":{"line":56,"column":4}},"8":{"start":{"line":34,"column":4},"end":{"line":34,"column":36}},"9":{"start":{"line":34,"column":18},"end":{"line":34,"column":36}},"10":{"start":{"line":36,"column":26},"end":{"line":36,"column":88}},"11":{"start":{"line":37,"column":27},"end":{"line":37,"column":40}},"12":{"start":{"line":39,"column":4},"end":{"line":39,"column":18}},"13":{"start":{"line":40,"column":4},"end":{"line":40,"column":35}},"14":{"start":{"line":42,"column":18},"end":{"line":42,"column":55}},"15":{"start":{"line":44,"column":4},"end":{"line":51,"column":5}},"16":{"start":{"line":45,"column":28},"end":{"line":45,"column":52}},"17":{"start":{"line":47,"column":6},"end":{"line":50,"column":7}},"18":{"start":{"line":48,"column":8},"end":{"line":48,"column":36}},"19":{"start":{"line":49,"column":8},"end":{"line":49,"column":24}},"20":{"start":{"line":53,"column":4},"end":{"line":55,"column":5}},"21":{"start":{"line":54,"column":6},"end":{"line":54,"column":87}},"22":{"start":{"line":60,"column":2},"end":{"line":76,"column":4}},"23":{"start":{"line":61,"column":4},"end":{"line":61,"column":36}},"24":{"start":{"line":61,"column":18},"end":{"line":61,"column":36}},"25":{"start":{"line":63,"column":4},"end":{"line":63,"column":18}},"26":{"start":{"line":65,"column":4},"end":{"line":75,"column":5}},"27":{"start":{"line":66,"column":25},"end":{"line":66,"column":49}},"28":{"start":{"line":67,"column":6},"end":{"line":74,"column":7}},"29":{"start":{"line":68,"column":8},"end":{"line":68,"column":33}},"30":{"start":{"line":70,"column":8},"end":{"line":73,"column":9}},"31":{"start":{"line":72,"column":10},"end":{"line":72,"column":44}},"32":{"start":{"line":80,"column":2},"end":{"line":80,"column":20}},"33":{"start":{"line":82,"column":2},"end":{"line":85,"column":4}}},"fnMap":{"0":{"name":"(anonymous_0)","decl":{"start":{"line":16,"column":17},"end":{"line":16,"column":18}},"loc":{"start":{"line":16,"column":26},"end":{"line":19,"column":1}},"line":16},"1":{"name":"(anonymous_1)","decl":{"start":{"line":21,"column":24},"end":{"line":21,"column":25}},"loc":{"start":{"line":21,"column":40},"end":{"line":30,"column":1}},"line":21},"2":{"name":"(anonymous_2)","decl":{"start":{"line":24,"column":10},"end":{"line":24,"column":11}},"loc":{"start":{"line":24,"column":20},"end":{"line":24,"column":65}},"line":24},"3":{"name":"injectSagaFactory","decl":{"start":{"line":32,"column":16},"end":{"line":32,"column":33}},"loc":{"start":{"line":32,"column":50},"end":{"line":57,"column":1}},"line":32},"4":{"name":"injectSaga","decl":{"start":{"line":33,"column":18},"end":{"line":33,"column":28}},"loc":{"start":{"line":33,"column":57},"end":{"line":56,"column":3}},"line":33},"5":{"name":"ejectSagaFactory","decl":{"start":{"line":59,"column":16},"end":{"line":59,"column":32}},"loc":{"start":{"line":59,"column":49},"end":{"line":77,"column":1}},"line":59},"6":{"name":"ejectSaga","decl":{"start":{"line":60,"column":18},"end":{"line":60,"column":27}},"loc":{"start":{"line":60,"column":33},"end":{"line":76,"column":3}},"line":60},"7":{"name":"getInjectors","decl":{"start":{"line":79,"column":24},"end":{"line":79,"column":36}},"loc":{"start":{"line":79,"column":44},"end":{"line":86,"column":1}},"line":79}},"branchMap":{"0":{"loc":{"start":{"line":17,"column":2},"end":{"line":17,"column":32}},"type":"binary-expr","locations":[{"start":{"line":17,"column":2},"end":{"line":17,"column":15}},{"start":{"line":17,"column":19},"end":{"line":17,"column":32}}],"line":17},"1":{"loc":{"start":{"line":24,"column":20},"end":{"line":24,"column":65}},"type":"binary-expr","locations":[{"start":{"line":24,"column":20},"end":{"line":24,"column":34}},{"start":{"line":24,"column":38},"end":{"line":24,"column":65}}],"line":24},"2":{"loc":{"start":{"line":33,"column":34},"end":{"line":33,"column":49}},"type":"default-arg","locations":[{"start":{"line":33,"column":47},"end":{"line":33,"column":49}}],"line":33},"3":{"loc":{"start":{"line":34,"column":4},"end":{"line":34,"column":36}},"type":"if","locations":[{"start":{"line":34,"column":4},"end":{"line":34,"column":36}},{"start":{"line":34,"column":4},"end":{"line":34,"column":36}}],"line":34},"4":{"loc":{"start":{"line":36,"column":49},"end":{"line":36,"column":86}},"type":"binary-expr","locations":[{"start":{"line":36,"column":49},"end":{"line":36,"column":64}},{"start":{"line":36,"column":68},"end":{"line":36,"column":86}}],"line":36},"5":{"loc":{"start":{"line":44,"column":4},"end":{"line":51,"column":5}},"type":"if","locations":[{"start":{"line":44,"column":4},"end":{"line":51,"column":5}},{"start":{"line":44,"column":4},"end":{"line":51,"column":5}}],"line":44},"6":{"loc":{"start":{"line":47,"column":6},"end":{"line":50,"column":7}},"type":"if","locations":[{"start":{"line":47,"column":6},"end":{"line":50,"column":7}},{"start":{"line":47,"column":6},"end":{"line":50,"column":7}}],"line":47},"7":{"loc":{"start":{"line":47,"column":10},"end":{"line":47,"column":48}},"type":"binary-expr","locations":[{"start":{"line":47,"column":10},"end":{"line":47,"column":17}},{"start":{"line":47,"column":21},"end":{"line":47,"column":48}}],"line":47},"8":{"loc":{"start":{"line":53,"column":4},"end":{"line":55,"column":5}},"type":"if","locations":[{"start":{"line":53,"column":4},"end":{"line":55,"column":5}},{"start":{"line":53,"column":4},"end":{"line":55,"column":5}}],"line":53},"9":{"loc":{"start":{"line":53,"column":8},"end":{"line":53,"column":78}},"type":"binary-expr","locations":[{"start":{"line":53,"column":8},"end":{"line":53,"column":16}},{"start":{"line":53,"column":21},"end":{"line":53,"column":28}},{"start":{"line":53,"column":32},"end":{"line":53,"column":47}},{"start":{"line":53,"column":51},"end":{"line":53,"column":77}}],"line":53},"10":{"loc":{"start":{"line":61,"column":4},"end":{"line":61,"column":36}},"type":"if","locations":[{"start":{"line":61,"column":4},"end":{"line":61,"column":36}},{"start":{"line":61,"column":4},"end":{"line":61,"column":36}}],"line":61},"11":{"loc":{"start":{"line":65,"column":4},"end":{"line":75,"column":5}},"type":"if","locations":[{"start":{"line":65,"column":4},"end":{"line":75,"column":5}},{"start":{"line":65,"column":4},"end":{"line":75,"column":5}}],"line":65},"12":{"loc":{"start":{"line":67,"column":6},"end":{"line":74,"column":7}},"type":"if","locations":[{"start":{"line":67,"column":6},"end":{"line":74,"column":7}},{"start":{"line":67,"column":6},"end":{"line":74,"column":7}}],"line":67},"13":{"loc":{"start":{"line":70,"column":8},"end":{"line":73,"column":9}},"type":"if","locations":[{"start":{"line":70,"column":8},"end":{"line":73,"column":9}},{"start":{"line":70,"column":8},"end":{"line":73,"column":9}}],"line":70}},"s":{"0":3,"1":3,"2":36,"3":3,"4":24,"5":24,"6":24,"7":21,"8":27,"9":1,"10":26,"11":26,"12":26,"13":24,"14":20,"15":20,"16":16,"17":16,"18":1,"19":1,"20":20,"21":15,"22":21,"23":11,"24":1,"25":10,"26":8,"27":7,"28":7,"29":4,"30":4,"31":2,"32":2,"33":1},"f":{"0":36,"1":24,"2":24,"3":21,"4":27,"5":21,"6":11,"7":2},"b":{"0":[36,34],"1":[24,23],"2":[1],"3":[1,26],"4":[26,10],"5":[16,4],"6":[1,15],"7":[16,5],"8":[15,5],"9":[20,5,5,2],"10":[1,10],"11":[7,1],"12":[4,3],"13":[2,2]},"_coverageSchema":"332fd63041d2c1bcb487cc26dd0d5f7d97098a6c","hash":"0dc8208a726dd13207d0ed27a04e2bc9a719dee3"}
}
